mode: set
github.com/freeeve/chessgraph/api/internal/store/cache.go:13.58,15.2 1 0
github.com/freeeve/chessgraph/api/internal/store/cache.go:17.44,21.9 4 0
github.com/freeeve/chessgraph/api/internal/store/cache.go:21.9,24.3 2 0
github.com/freeeve/chessgraph/api/internal/store/cache.go:26.2,27.18 2 0
github.com/freeeve/chessgraph/api/internal/store/cache.go:30.41,33.70 3 0
github.com/freeeve/chessgraph/api/internal/store/cache.go:33.70,38.3 3 0
github.com/freeeve/chessgraph/api/internal/store/cache.go:39.2,40.20 2 0
github.com/freeeve/chessgraph/api/internal/store/cache.go:43.42,44.28 1 0
github.com/freeeve/chessgraph/api/internal/store/cache.go:44.28,45.15 1 0
github.com/freeeve/chessgraph/api/internal/store/cache.go:45.15,49.4 3 0
github.com/freeeve/chessgraph/api/internal/store/cache.go:51.2,51.40 1 0
github.com/freeeve/chessgraph/api/internal/store/encoding.go:19.49,27.2 7 0
github.com/freeeve/chessgraph/api/internal/store/encoding.go:29.60,30.31 1 0
github.com/freeeve/chessgraph/api/internal/store/encoding.go:30.31,32.3 1 0
github.com/freeeve/chessgraph/api/internal/store/encoding.go:33.2,41.8 3 0
github.com/freeeve/chessgraph/api/internal/store/eval_encoding.go:26.41,28.28 2 0
github.com/freeeve/chessgraph/api/internal/store/eval_encoding.go:28.28,30.3 1 0
github.com/freeeve/chessgraph/api/internal/store/eval_encoding.go:32.2,44.12 13 0
github.com/freeeve/chessgraph/api/internal/store/eval_encoding.go:47.50,48.32 1 0
github.com/freeeve/chessgraph/api/internal/store/eval_encoding.go:48.32,50.3 1 0
github.com/freeeve/chessgraph/api/internal/store/eval_encoding.go:52.2,65.42 13 0
github.com/freeeve/chessgraph/api/internal/store/eval_encoding.go:65.42,67.3 1 0
github.com/freeeve/chessgraph/api/internal/store/eval_encoding.go:68.2,70.18 2 0
github.com/freeeve/chessgraph/api/internal/store/fenindex.go:124.71,125.27 1 1
github.com/freeeve/chessgraph/api/internal/store/fenindex.go:125.27,127.3 1 0
github.com/freeeve/chessgraph/api/internal/store/fenindex.go:129.2,129.47 1 1
github.com/freeeve/chessgraph/api/internal/store/fenindex.go:129.47,131.3 1 0
github.com/freeeve/chessgraph/api/internal/store/fenindex.go:133.2,134.16 2 1
github.com/freeeve/chessgraph/api/internal/store/fenindex.go:134.16,136.3 1 0
github.com/freeeve/chessgraph/api/internal/store/fenindex.go:138.2,139.16 2 1
github.com/freeeve/chessgraph/api/internal/store/fenindex.go:139.16,142.3 2 0
github.com/freeeve/chessgraph/api/internal/store/fenindex.go:144.2,152.53 1 1
github.com/freeeve/chessgraph/api/internal/store/fenindex.go:152.54,152.55 0 0
github.com/freeeve/chessgraph/api/internal/store/fenindex.go:155.2,155.42 1 1
github.com/freeeve/chessgraph/api/internal/store/fenindex.go:155.42,156.25 1 0
github.com/freeeve/chessgraph/api/internal/store/fenindex.go:156.25,162.4 1 0
github.com/freeeve/chessgraph/api/internal/store/fenindex.go:162.9,166.4 3 0
github.com/freeeve/chessgraph/api/internal/store/fenindex.go:167.8,170.3 1 1
github.com/freeeve/chessgraph/api/internal/store/fenindex.go:172.2,172.16 1 1
github.com/freeeve/chessgraph/api/internal/store/fenindex.go:176.69,178.2 1 0
github.com/freeeve/chessgraph/api/internal/store/fenindex.go:181.35,185.2 3 1
github.com/freeeve/chessgraph/api/internal/store/fenindex.go:188.64,195.9 5 1
github.com/freeeve/chessgraph/api/internal/store/fenindex.go:195.9,197.3 1 1
github.com/freeeve/chessgraph/api/internal/store/fenindex.go:200.2,201.16 2 1
github.com/freeeve/chessgraph/api/internal/store/fenindex.go:201.16,203.3 1 0
github.com/freeeve/chessgraph/api/internal/store/fenindex.go:206.2,207.56 2 1
github.com/freeeve/chessgraph/api/internal/store/fenindex.go:207.56,209.3 1 0
github.com/freeeve/chessgraph/api/internal/store/fenindex.go:212.2,212.65 1 1
github.com/freeeve/chessgraph/api/internal/store/fenindex.go:216.60,219.51 2 1
github.com/freeeve/chessgraph/api/internal/store/fenindex.go:219.51,221.3 1 1
github.com/freeeve/chessgraph/api/internal/store/fenindex.go:222.2,222.11 1 1
github.com/freeeve/chessgraph/api/internal/store/fenindex.go:226.90,228.22 2 1
github.com/freeeve/chessgraph/api/internal/store/fenindex.go:228.22,230.3 1 0
github.com/freeeve/chessgraph/api/internal/store/fenindex.go:234.2,234.51 1 1
github.com/freeeve/chessgraph/api/internal/store/fenindex.go:234.51,236.3 1 1
github.com/freeeve/chessgraph/api/internal/store/fenindex.go:239.2,239.13 1 1
github.com/freeeve/chessgraph/api/internal/store/fenindex.go:239.13,241.3 1 1
github.com/freeeve/chessgraph/api/internal/store/fenindex.go:242.2,242.10 1 0
github.com/freeeve/chessgraph/api/internal/store/fenindex.go:246.130,249.35 2 1
github.com/freeeve/chessgraph/api/internal/store/fenindex.go:249.35,251.3 1 0
github.com/freeeve/chessgraph/api/internal/store/fenindex.go:252.2,257.52 3 1
github.com/freeeve/chessgraph/api/internal/store/fenindex.go:257.52,259.3 1 1
github.com/freeeve/chessgraph/api/internal/store/fenindex.go:261.2,261.74 1 1
github.com/freeeve/chessgraph/api/internal/store/fenindex.go:261.74,263.3 1 1
github.com/freeeve/chessgraph/api/internal/store/fenindex.go:265.2,265.26 1 0
github.com/freeeve/chessgraph/api/internal/store/fenindex.go:275.96,280.26 4 1
github.com/freeeve/chessgraph/api/internal/store/fenindex.go:280.26,282.3 1 0
github.com/freeeve/chessgraph/api/internal/store/fenindex.go:284.2,289.76 4 1
github.com/freeeve/chessgraph/api/internal/store/fenindex.go:289.76,292.13 2 1
github.com/freeeve/chessgraph/api/internal/store/fenindex.go:292.13,293.9 1 0
github.com/freeeve/chessgraph/api/internal/store/fenindex.go:295.3,299.13 3 1
github.com/freeeve/chessgraph/api/internal/store/fenindex.go:299.13,300.9 1 0
github.com/freeeve/chessgraph/api/internal/store/fenindex.go:302.3,305.42 2 1
github.com/freeeve/chessgraph/api/internal/store/fenindex.go:305.42,306.9 1 0
github.com/freeeve/chessgraph/api/internal/store/fenindex.go:308.3,313.13 4 1
github.com/freeeve/chessgraph/api/internal/store/fenindex.go:313.13,316.4 2 1
github.com/freeeve/chessgraph/api/internal/store/fenindex.go:316.9,322.4 4 1
github.com/freeeve/chessgraph/api/internal/store/fenindex.go:325.3,325.29 1 1
github.com/freeeve/chessgraph/api/internal/store/fenindex.go:325.29,326.9 1 0
github.com/freeeve/chessgraph/api/internal/store/fenindex.go:328.3,335.26 4 1
github.com/freeeve/chessgraph/api/internal/store/fenindex.go:338.2,338.16 1 1
github.com/freeeve/chessgraph/api/internal/store/fenindex.go:342.77,345.40 2 1
github.com/freeeve/chessgraph/api/internal/store/fenindex.go:345.40,351.3 5 1
github.com/freeeve/chessgraph/api/internal/store/fenindex.go:352.2,354.32 2 1
github.com/freeeve/chessgraph/api/internal/store/fenindex.go:358.78,365.16 5 1
github.com/freeeve/chessgraph/api/internal/store/fenindex.go:365.16,366.25 1 0
github.com/freeeve/chessgraph/api/internal/store/fenindex.go:366.25,368.4 1 0
github.com/freeeve/chessgraph/api/internal/store/fenindex.go:369.3,369.54 1 0
github.com/freeeve/chessgraph/api/internal/store/fenindex.go:372.2,373.16 2 1
github.com/freeeve/chessgraph/api/internal/store/fenindex.go:373.16,375.3 1 0
github.com/freeeve/chessgraph/api/internal/store/fenindex.go:377.2,383.20 3 1
github.com/freeeve/chessgraph/api/internal/store/fenindex.go:387.77,391.40 3 1
github.com/freeeve/chessgraph/api/internal/store/fenindex.go:391.40,395.3 3 0
github.com/freeeve/chessgraph/api/internal/store/fenindex.go:397.2,405.39 4 1
github.com/freeeve/chessgraph/api/internal/store/fenindex.go:405.39,407.20 2 1
github.com/freeeve/chessgraph/api/internal/store/fenindex.go:407.20,411.4 3 1
github.com/freeeve/chessgraph/api/internal/store/fenindex.go:416.42,420.16 3 1
github.com/freeeve/chessgraph/api/internal/store/fenindex.go:420.16,422.3 1 0
github.com/freeeve/chessgraph/api/internal/store/fenindex.go:424.2,427.69 3 1
github.com/freeeve/chessgraph/api/internal/store/fenindex.go:427.69,429.3 1 0
github.com/freeeve/chessgraph/api/internal/store/fenindex.go:431.2,432.77 2 1
github.com/freeeve/chessgraph/api/internal/store/fenindex.go:432.77,434.3 1 0
github.com/freeeve/chessgraph/api/internal/store/fenindex.go:436.2,437.71 2 1
github.com/freeeve/chessgraph/api/internal/store/fenindex.go:437.71,439.3 1 0
github.com/freeeve/chessgraph/api/internal/store/fenindex.go:441.2,442.73 2 1
github.com/freeeve/chessgraph/api/internal/store/fenindex.go:442.73,444.3 1 0
github.com/freeeve/chessgraph/api/internal/store/fenindex.go:446.2,447.43 2 1
github.com/freeeve/chessgraph/api/internal/store/fenindex.go:447.43,449.71 2 1
github.com/freeeve/chessgraph/api/internal/store/fenindex.go:449.71,451.4 1 0
github.com/freeeve/chessgraph/api/internal/store/fenindex.go:453.3,454.75 2 1
github.com/freeeve/chessgraph/api/internal/store/fenindex.go:454.75,456.4 1 0
github.com/freeeve/chessgraph/api/internal/store/fenindex.go:457.3,457.77 1 1
github.com/freeeve/chessgraph/api/internal/store/fenindex.go:457.77,459.4 1 0
github.com/freeeve/chessgraph/api/internal/store/fenindex.go:461.3,462.73 2 1
github.com/freeeve/chessgraph/api/internal/store/fenindex.go:462.73,464.4 1 0
github.com/freeeve/chessgraph/api/internal/store/fenindex.go:466.3,467.43 2 1
github.com/freeeve/chessgraph/api/internal/store/fenindex.go:467.43,469.51 2 1
github.com/freeeve/chessgraph/api/internal/store/fenindex.go:469.51,471.5 1 0
github.com/freeeve/chessgraph/api/internal/store/fenindex.go:473.4,474.73 2 1
github.com/freeeve/chessgraph/api/internal/store/fenindex.go:474.73,476.5 1 0
github.com/freeeve/chessgraph/api/internal/store/fenindex.go:478.4,479.46 2 1
github.com/freeeve/chessgraph/api/internal/store/fenindex.go:479.46,481.5 1 0
github.com/freeeve/chessgraph/api/internal/store/fenindex.go:483.4,484.74 2 1
github.com/freeeve/chessgraph/api/internal/store/fenindex.go:484.74,486.5 1 0
github.com/freeeve/chessgraph/api/internal/store/fenindex.go:487.4,487.74 1 1
github.com/freeeve/chessgraph/api/internal/store/fenindex.go:487.74,489.5 1 0
github.com/freeeve/chessgraph/api/internal/store/fenindex.go:490.4,490.72 1 1
github.com/freeeve/chessgraph/api/internal/store/fenindex.go:490.72,492.5 1 0
github.com/freeeve/chessgraph/api/internal/store/fenindex.go:494.4,500.5 1 1
github.com/freeeve/chessgraph/api/internal/store/fenindex.go:503.3,508.4 1 1
github.com/freeeve/chessgraph/api/internal/store/fenindex.go:511.2,518.12 2 1
github.com/freeeve/chessgraph/api/internal/store/fenindex.go:522.42,528.81 4 0
github.com/freeeve/chessgraph/api/internal/store/fenindex.go:528.81,530.3 1 0
github.com/freeeve/chessgraph/api/internal/store/fenindex.go:531.2,531.89 1 0
github.com/freeeve/chessgraph/api/internal/store/fenindex.go:531.89,533.3 1 0
github.com/freeeve/chessgraph/api/internal/store/fenindex.go:534.2,534.83 1 0
github.com/freeeve/chessgraph/api/internal/store/fenindex.go:534.83,536.3 1 0
github.com/freeeve/chessgraph/api/internal/store/fenindex.go:537.2,537.94 1 0
github.com/freeeve/chessgraph/api/internal/store/fenindex.go:537.94,539.3 1 0
github.com/freeeve/chessgraph/api/internal/store/fenindex.go:541.2,541.49 1 0
github.com/freeeve/chessgraph/api/internal/store/fenindex.go:541.49,542.82 1 0
github.com/freeeve/chessgraph/api/internal/store/fenindex.go:542.82,544.4 1 0
github.com/freeeve/chessgraph/api/internal/store/fenindex.go:545.3,545.86 1 0
github.com/freeeve/chessgraph/api/internal/store/fenindex.go:545.86,547.4 1 0
github.com/freeeve/chessgraph/api/internal/store/fenindex.go:548.3,548.88 1 0
github.com/freeeve/chessgraph/api/internal/store/fenindex.go:548.88,550.4 1 0
github.com/freeeve/chessgraph/api/internal/store/fenindex.go:551.3,551.93 1 0
github.com/freeeve/chessgraph/api/internal/store/fenindex.go:551.93,553.4 1 0
github.com/freeeve/chessgraph/api/internal/store/fenindex.go:555.3,555.43 1 0
github.com/freeeve/chessgraph/api/internal/store/fenindex.go:555.43,556.58 1 0
github.com/freeeve/chessgraph/api/internal/store/fenindex.go:556.58,558.5 1 0
github.com/freeeve/chessgraph/api/internal/store/fenindex.go:559.4,559.94 1 0
github.com/freeeve/chessgraph/api/internal/store/fenindex.go:559.94,561.5 1 0
github.com/freeeve/chessgraph/api/internal/store/fenindex.go:562.4,562.59 1 0
github.com/freeeve/chessgraph/api/internal/store/fenindex.go:562.59,564.5 1 0
github.com/freeeve/chessgraph/api/internal/store/fenindex.go:565.4,565.80 1 0
github.com/freeeve/chessgraph/api/internal/store/fenindex.go:565.80,567.5 1 0
github.com/freeeve/chessgraph/api/internal/store/fenindex.go:568.4,568.80 1 0
github.com/freeeve/chessgraph/api/internal/store/fenindex.go:568.80,570.5 1 0
github.com/freeeve/chessgraph/api/internal/store/fenindex.go:571.4,571.78 1 0
github.com/freeeve/chessgraph/api/internal/store/fenindex.go:571.78,573.5 1 0
github.com/freeeve/chessgraph/api/internal/store/fenindex.go:577.2,578.50 2 0
github.com/freeeve/chessgraph/api/internal/store/fenindex.go:589.43,598.45 7 1
github.com/freeeve/chessgraph/api/internal/store/fenindex.go:598.45,600.3 1 1
github.com/freeeve/chessgraph/api/internal/store/fenindex.go:602.2,607.3 1 1
github.com/freeeve/chessgraph/api/internal/store/fenindex_builder.go:38.63,39.47 1 1
github.com/freeeve/chessgraph/api/internal/store/fenindex_builder.go:39.47,41.3 1 0
github.com/freeeve/chessgraph/api/internal/store/fenindex_builder.go:43.2,44.16 2 1
github.com/freeeve/chessgraph/api/internal/store/fenindex_builder.go:44.16,46.3 1 0
github.com/freeeve/chessgraph/api/internal/store/fenindex_builder.go:48.2,56.53 1 1
github.com/freeeve/chessgraph/api/internal/store/fenindex_builder.go:56.54,56.55 0 1
github.com/freeeve/chessgraph/api/internal/store/fenindex_builder.go:61.75,63.2 1 0
github.com/freeeve/chessgraph/api/internal/store/fenindex_builder.go:66.50,67.14 1 1
github.com/freeeve/chessgraph/api/internal/store/fenindex_builder.go:67.14,69.3 1 1
github.com/freeeve/chessgraph/api/internal/store/fenindex_builder.go:73.55,74.26 1 0
github.com/freeeve/chessgraph/api/internal/store/fenindex_builder.go:74.26,76.3 1 0
github.com/freeeve/chessgraph/api/internal/store/fenindex_builder.go:80.73,82.50 2 1
github.com/freeeve/chessgraph/api/internal/store/fenindex_builder.go:82.50,84.3 1 1
github.com/freeeve/chessgraph/api/internal/store/fenindex_builder.go:85.2,85.11 1 1
github.com/freeeve/chessgraph/api/internal/store/fenindex_builder.go:89.74,93.61 2 1
github.com/freeeve/chessgraph/api/internal/store/fenindex_builder.go:93.61,94.41 1 1
github.com/freeeve/chessgraph/api/internal/store/fenindex_builder.go:94.41,96.4 1 0
github.com/freeeve/chessgraph/api/internal/store/fenindex_builder.go:99.2,103.12 4 1
github.com/freeeve/chessgraph/api/internal/store/fenindex_builder.go:107.42,109.30 1 1
github.com/freeeve/chessgraph/api/internal/store/fenindex_builder.go:109.30,110.41 1 1
github.com/freeeve/chessgraph/api/internal/store/fenindex_builder.go:110.41,112.4 1 0
github.com/freeeve/chessgraph/api/internal/store/fenindex_builder.go:116.2,116.25 1 1
github.com/freeeve/chessgraph/api/internal/store/fenindex_builder.go:120.41,123.2 2 1
github.com/freeeve/chessgraph/api/internal/store/fenindex_builder.go:126.47,127.31 1 1
github.com/freeeve/chessgraph/api/internal/store/fenindex_builder.go:127.31,129.3 1 0
github.com/freeeve/chessgraph/api/internal/store/fenindex_builder.go:131.2,134.50 2 1
github.com/freeeve/chessgraph/api/internal/store/fenindex_builder.go:134.50,136.3 1 1
github.com/freeeve/chessgraph/api/internal/store/fenindex_builder.go:139.2,142.69 3 1
github.com/freeeve/chessgraph/api/internal/store/fenindex_builder.go:142.69,144.33 2 1
github.com/freeeve/chessgraph/api/internal/store/fenindex_builder.go:144.33,146.4 1 1
github.com/freeeve/chessgraph/api/internal/store/fenindex_builder.go:148.3,152.30 4 1
github.com/freeeve/chessgraph/api/internal/store/fenindex_builder.go:156.2,160.69 3 1
github.com/freeeve/chessgraph/api/internal/store/fenindex_builder.go:160.69,162.3 1 0
github.com/freeeve/chessgraph/api/internal/store/fenindex_builder.go:165.2,175.12 3 1
github.com/freeeve/chessgraph/api/internal/store/fenindex_builder.go:179.111,180.23 1 1
github.com/freeeve/chessgraph/api/internal/store/fenindex_builder.go:180.23,182.3 1 0
github.com/freeeve/chessgraph/api/internal/store/fenindex_builder.go:185.2,196.32 6 1
github.com/freeeve/chessgraph/api/internal/store/fenindex_builder.go:196.32,199.36 2 1
github.com/freeeve/chessgraph/api/internal/store/fenindex_builder.go:199.36,201.4 1 1
github.com/freeeve/chessgraph/api/internal/store/fenindex_builder.go:203.3,206.13 3 1
github.com/freeeve/chessgraph/api/internal/store/fenindex_builder.go:206.13,210.4 2 1
github.com/freeeve/chessgraph/api/internal/store/fenindex_builder.go:210.9,215.4 3 1
github.com/freeeve/chessgraph/api/internal/store/fenindex_builder.go:218.3,234.22 10 1
github.com/freeeve/chessgraph/api/internal/store/fenindex_builder.go:237.2,243.22 1 1
github.com/freeeve/chessgraph/api/internal/store/fenindex_builder.go:248.76,249.23 1 1
github.com/freeeve/chessgraph/api/internal/store/fenindex_builder.go:249.23,251.3 1 0
github.com/freeeve/chessgraph/api/internal/store/fenindex_builder.go:252.2,252.23 1 1
github.com/freeeve/chessgraph/api/internal/store/fenindex_builder.go:252.23,256.3 2 1
github.com/freeeve/chessgraph/api/internal/store/fenindex_builder.go:259.2,265.19 4 1
github.com/freeeve/chessgraph/api/internal/store/fenindex_builder.go:265.19,269.3 3 1
github.com/freeeve/chessgraph/api/internal/store/fenindex_builder.go:270.2,270.12 1 0
github.com/freeeve/chessgraph/api/internal/store/fenindex_builder.go:274.39,276.21 2 1
github.com/freeeve/chessgraph/api/internal/store/fenindex_builder.go:276.21,278.3 1 0
github.com/freeeve/chessgraph/api/internal/store/fenindex_builder.go:280.2,280.30 1 1
github.com/freeeve/chessgraph/api/internal/store/fenindex_builder.go:280.30,281.19 1 1
github.com/freeeve/chessgraph/api/internal/store/fenindex_builder.go:281.19,283.4 1 1
github.com/freeeve/chessgraph/api/internal/store/fenindex_builder.go:285.2,285.15 1 0
github.com/freeeve/chessgraph/api/internal/store/fenindex_builder.go:289.48,293.71 2 1
github.com/freeeve/chessgraph/api/internal/store/fenindex_builder.go:293.71,295.3 1 0
github.com/freeeve/chessgraph/api/internal/store/fenindex_builder.go:297.2,297.86 1 1
github.com/freeeve/chessgraph/api/internal/store/fenindex_builder.go:297.86,299.3 1 0
github.com/freeeve/chessgraph/api/internal/store/fenindex_builder.go:301.2,301.73 1 1
github.com/freeeve/chessgraph/api/internal/store/fenindex_builder.go:301.73,303.3 1 0
github.com/freeeve/chessgraph/api/internal/store/fenindex_builder.go:305.2,305.88 1 1
github.com/freeeve/chessgraph/api/internal/store/fenindex_builder.go:305.88,307.3 1 0
github.com/freeeve/chessgraph/api/internal/store/fenindex_builder.go:310.2,310.43 1 1
github.com/freeeve/chessgraph/api/internal/store/fenindex_builder.go:310.43,311.82 1 1
github.com/freeeve/chessgraph/api/internal/store/fenindex_builder.go:311.82,313.4 1 0
github.com/freeeve/chessgraph/api/internal/store/fenindex_builder.go:314.3,314.86 1 1
github.com/freeeve/chessgraph/api/internal/store/fenindex_builder.go:314.86,316.4 1 0
github.com/freeeve/chessgraph/api/internal/store/fenindex_builder.go:317.3,317.88 1 1
github.com/freeeve/chessgraph/api/internal/store/fenindex_builder.go:317.88,319.4 1 0
github.com/freeeve/chessgraph/api/internal/store/fenindex_builder.go:320.3,320.93 1 1
github.com/freeeve/chessgraph/api/internal/store/fenindex_builder.go:320.93,322.4 1 0
github.com/freeeve/chessgraph/api/internal/store/fenindex_builder.go:324.3,324.43 1 1
github.com/freeeve/chessgraph/api/internal/store/fenindex_builder.go:324.43,325.58 1 1
github.com/freeeve/chessgraph/api/internal/store/fenindex_builder.go:325.58,327.5 1 0
github.com/freeeve/chessgraph/api/internal/store/fenindex_builder.go:328.4,328.94 1 1
github.com/freeeve/chessgraph/api/internal/store/fenindex_builder.go:328.94,330.5 1 0
github.com/freeeve/chessgraph/api/internal/store/fenindex_builder.go:331.4,331.59 1 1
github.com/freeeve/chessgraph/api/internal/store/fenindex_builder.go:331.59,333.5 1 0
github.com/freeeve/chessgraph/api/internal/store/fenindex_builder.go:334.4,334.80 1 1
github.com/freeeve/chessgraph/api/internal/store/fenindex_builder.go:334.80,336.5 1 0
github.com/freeeve/chessgraph/api/internal/store/fenindex_builder.go:337.4,337.80 1 1
github.com/freeeve/chessgraph/api/internal/store/fenindex_builder.go:337.80,339.5 1 0
github.com/freeeve/chessgraph/api/internal/store/fenindex_builder.go:340.4,340.78 1 1
github.com/freeeve/chessgraph/api/internal/store/fenindex_builder.go:340.78,342.5 1 0
github.com/freeeve/chessgraph/api/internal/store/fenindex_builder.go:346.2,348.50 3 1
github.com/freeeve/chessgraph/api/internal/store/fenindex_builder.go:357.54,362.2 1 0
github.com/freeeve/chessgraph/api/internal/store/position.go:42.30,44.2 1 1
github.com/freeeve/chessgraph/api/internal/store/position.go:46.29,47.18 1 1
github.com/freeeve/chessgraph/api/internal/store/position.go:47.18,49.3 1 1
github.com/freeeve/chessgraph/api/internal/store/position.go:50.2,50.78 1 1
github.com/freeeve/chessgraph/api/internal/store/position.go:67.46,68.9 1 1
github.com/freeeve/chessgraph/api/internal/store/position.go:69.25,70.24 1 1
github.com/freeeve/chessgraph/api/internal/store/position.go:72.20,74.21 1 1
github.com/freeeve/chessgraph/api/internal/store/position.go:77.31,78.22 1 1
github.com/freeeve/chessgraph/api/internal/store/position.go:80.58,81.24 1 1
github.com/freeeve/chessgraph/api/internal/store/position.go:83.31,85.44 1 1
github.com/freeeve/chessgraph/api/internal/store/position.go:87.10,89.24 1 0
github.com/freeeve/chessgraph/api/internal/store/position.go:94.45,95.9 1 1
github.com/freeeve/chessgraph/api/internal/store/position.go:96.25,97.24 1 1
github.com/freeeve/chessgraph/api/internal/store/position.go:98.20,99.21 1 1
github.com/freeeve/chessgraph/api/internal/store/position.go:100.36,101.22 1 1
github.com/freeeve/chessgraph/api/internal/store/position.go:102.63,103.24 1 1
github.com/freeeve/chessgraph/api/internal/store/position.go:104.31,105.44 1 1
github.com/freeeve/chessgraph/api/internal/store/position.go:106.10,107.24 1 0
github.com/freeeve/chessgraph/api/internal/store/position.go:111.46,113.2 1 1
github.com/freeeve/chessgraph/api/internal/store/position.go:115.42,117.2 1 1
github.com/freeeve/chessgraph/api/internal/store/position.go:120.45,123.2 1 1
github.com/freeeve/chessgraph/api/internal/store/position.go:126.46,127.20 1 1
github.com/freeeve/chessgraph/api/internal/store/position.go:127.20,129.3 1 1
github.com/freeeve/chessgraph/api/internal/store/position.go:130.2,130.46 1 1
github.com/freeeve/chessgraph/api/internal/store/position.go:135.45,136.20 1 1
github.com/freeeve/chessgraph/api/internal/store/position.go:136.20,138.3 1 1
github.com/freeeve/chessgraph/api/internal/store/position.go:139.2,139.38 1 1
github.com/freeeve/chessgraph/api/internal/store/position.go:139.38,141.3 1 1
github.com/freeeve/chessgraph/api/internal/store/position.go:142.2,142.43 1 1
github.com/freeeve/chessgraph/api/internal/store/position.go:142.43,144.3 1 1
github.com/freeeve/chessgraph/api/internal/store/position.go:145.2,145.10 1 1
github.com/freeeve/chessgraph/api/internal/store/position.go:149.45,150.31 1 1
github.com/freeeve/chessgraph/api/internal/store/position.go:150.31,152.3 1 1
github.com/freeeve/chessgraph/api/internal/store/position.go:153.2,153.10 1 1
github.com/freeeve/chessgraph/api/internal/store/position.go:157.37,158.18 1 1
github.com/freeeve/chessgraph/api/internal/store/position.go:158.18,160.3 1 1
github.com/freeeve/chessgraph/api/internal/store/position.go:161.2,161.22 1 1
github.com/freeeve/chessgraph/api/internal/store/position.go:161.22,163.3 1 1
github.com/freeeve/chessgraph/api/internal/store/position.go:164.2,164.38 1 1
github.com/freeeve/chessgraph/api/internal/store/position.go:169.37,170.22 1 1
github.com/freeeve/chessgraph/api/internal/store/position.go:170.22,172.3 1 1
github.com/freeeve/chessgraph/api/internal/store/position.go:173.2,173.23 1 1
github.com/freeeve/chessgraph/api/internal/store/position.go:173.23,175.3 1 1
github.com/freeeve/chessgraph/api/internal/store/position.go:176.2,176.24 1 1
github.com/freeeve/chessgraph/api/internal/store/position.go:179.46,180.17 1 1
github.com/freeeve/chessgraph/api/internal/store/position.go:180.17,182.3 1 1
github.com/freeeve/chessgraph/api/internal/store/position.go:183.2,183.22 1 1
github.com/freeeve/chessgraph/api/internal/store/position.go:187.52,200.2 9 1
github.com/freeeve/chessgraph/api/internal/store/position.go:203.55,216.2 1 1
github.com/freeeve/chessgraph/api/internal/store/position.go:219.51,221.2 1 1
github.com/freeeve/chessgraph/api/internal/store/position.go:224.42,226.17 2 1
github.com/freeeve/chessgraph/api/internal/store/position.go:226.17,228.3 1 1
github.com/freeeve/chessgraph/api/internal/store/position.go:229.2,229.20 1 1
github.com/freeeve/chessgraph/api/internal/store/position.go:233.58,235.13 2 1
github.com/freeeve/chessgraph/api/internal/store/position.go:235.13,237.3 1 1
github.com/freeeve/chessgraph/api/internal/store/position.go:238.2,238.17 1 1
github.com/freeeve/chessgraph/api/internal/store/position.go:238.17,240.3 1 1
github.com/freeeve/chessgraph/api/internal/store/position.go:241.2,241.20 1 1
github.com/freeeve/chessgraph/api/internal/store/position.go:244.41,246.2 1 1
github.com/freeeve/chessgraph/api/internal/store/position.go:250.39,252.2 1 1
github.com/freeeve/chessgraph/api/internal/store/position.go:255.47,256.11 1 1
github.com/freeeve/chessgraph/api/internal/store/position.go:256.11,258.3 1 1
github.com/freeeve/chessgraph/api/internal/store/position.go:258.8,260.3 1 1
github.com/freeeve/chessgraph/api/internal/store/position.go:264.50,266.2 1 1
github.com/freeeve/chessgraph/api/internal/store/position.go:269.55,271.2 1 1
github.com/freeeve/chessgraph/api/internal/store/positionstore.go:219.37,221.2 1 1
github.com/freeeve/chessgraph/api/internal/store/positionstore.go:225.33,226.39 1 1
github.com/freeeve/chessgraph/api/internal/store/positionstore.go:226.39,229.3 2 1
github.com/freeeve/chessgraph/api/internal/store/positionstore.go:231.2,234.45 2 1
github.com/freeeve/chessgraph/api/internal/store/positionstore.go:234.45,236.3 1 1
github.com/freeeve/chessgraph/api/internal/store/positionstore.go:240.2,241.39 2 1
github.com/freeeve/chessgraph/api/internal/store/positionstore.go:241.39,242.87 1 1
github.com/freeeve/chessgraph/api/internal/store/positionstore.go:242.87,249.23 4 1
github.com/freeeve/chessgraph/api/internal/store/positionstore.go:249.23,251.5 1 1
github.com/freeeve/chessgraph/api/internal/store/positionstore.go:251.10,253.5 1 1
github.com/freeeve/chessgraph/api/internal/store/positionstore.go:254.4,255.24 2 1
github.com/freeeve/chessgraph/api/internal/store/positionstore.go:255.24,257.5 1 1
github.com/freeeve/chessgraph/api/internal/store/positionstore.go:257.10,259.5 1 1
github.com/freeeve/chessgraph/api/internal/store/positionstore.go:260.4,261.25 2 1
github.com/freeeve/chessgraph/api/internal/store/positionstore.go:261.25,263.5 1 0
github.com/freeeve/chessgraph/api/internal/store/positionstore.go:263.10,265.5 1 1
github.com/freeeve/chessgraph/api/internal/store/positionstore.go:268.4,268.78 1 1
github.com/freeeve/chessgraph/api/internal/store/positionstore.go:268.78,273.5 4 0
github.com/freeeve/chessgraph/api/internal/store/positionstore.go:274.9,276.14 1 1
github.com/freeeve/chessgraph/api/internal/store/positionstore.go:276.14,278.5 1 1
github.com/freeeve/chessgraph/api/internal/store/positionstore.go:279.4,279.7 1 1
github.com/freeeve/chessgraph/api/internal/store/positionstore.go:282.2,283.18 2 1
github.com/freeeve/chessgraph/api/internal/store/positionstore.go:288.60,291.55 3 1
github.com/freeeve/chessgraph/api/internal/store/positionstore.go:291.55,293.3 1 1
github.com/freeeve/chessgraph/api/internal/store/positionstore.go:294.2,294.88 1 1
github.com/freeeve/chessgraph/api/internal/store/positionstore.go:294.88,296.3 1 1
github.com/freeeve/chessgraph/api/internal/store/positionstore.go:297.2,297.12 1 0
github.com/freeeve/chessgraph/api/internal/store/positionstore.go:301.47,304.2 2 1
github.com/freeeve/chessgraph/api/internal/store/positionstore.go:307.74,308.20 1 1
github.com/freeeve/chessgraph/api/internal/store/positionstore.go:308.20,310.3 1 0
github.com/freeeve/chessgraph/api/internal/store/positionstore.go:312.2,312.47 1 1
github.com/freeeve/chessgraph/api/internal/store/positionstore.go:312.47,314.3 1 0
github.com/freeeve/chessgraph/api/internal/store/positionstore.go:316.2,317.16 2 1
github.com/freeeve/chessgraph/api/internal/store/positionstore.go:317.16,319.3 1 0
github.com/freeeve/chessgraph/api/internal/store/positionstore.go:321.2,322.16 2 1
github.com/freeeve/chessgraph/api/internal/store/positionstore.go:322.16,325.3 2 0
github.com/freeeve/chessgraph/api/internal/store/positionstore.go:327.2,336.63 1 1
github.com/freeeve/chessgraph/api/internal/store/positionstore.go:336.64,336.65 0 1
github.com/freeeve/chessgraph/api/internal/store/positionstore.go:342.2,342.38 1 1
github.com/freeeve/chessgraph/api/internal/store/positionstore.go:342.38,346.3 3 0
github.com/freeeve/chessgraph/api/internal/store/positionstore.go:348.2,348.16 1 1
github.com/freeeve/chessgraph/api/internal/store/positionstore.go:352.74,354.2 1 1
github.com/freeeve/chessgraph/api/internal/store/positionstore.go:358.55,360.2 1 1
github.com/freeeve/chessgraph/api/internal/store/positionstore.go:364.67,366.2 1 1
github.com/freeeve/chessgraph/api/internal/store/positionstore.go:370.82,371.20 1 1
github.com/freeeve/chessgraph/api/internal/store/positionstore.go:371.20,373.3 1 0
github.com/freeeve/chessgraph/api/internal/store/positionstore.go:375.2,376.16 2 1
github.com/freeeve/chessgraph/api/internal/store/positionstore.go:376.16,378.3 1 0
github.com/freeeve/chessgraph/api/internal/store/positionstore.go:380.2,389.63 1 1
github.com/freeeve/chessgraph/api/internal/store/positionstore.go:389.64,389.65 0 0
github.com/freeeve/chessgraph/api/internal/store/positionstore.go:395.2,395.38 1 1
github.com/freeeve/chessgraph/api/internal/store/positionstore.go:395.38,398.3 2 0
github.com/freeeve/chessgraph/api/internal/store/positionstore.go:400.2,400.16 1 1
github.com/freeeve/chessgraph/api/internal/store/positionstore.go:404.44,406.2 1 1
github.com/freeeve/chessgraph/api/internal/store/positionstore.go:409.48,411.2 1 1
github.com/freeeve/chessgraph/api/internal/store/positionstore.go:414.42,417.2 2 1
github.com/freeeve/chessgraph/api/internal/store/positionstore.go:420.46,422.45 2 1
github.com/freeeve/chessgraph/api/internal/store/positionstore.go:422.45,424.3 1 0
github.com/freeeve/chessgraph/api/internal/store/positionstore.go:427.2,428.70 2 1
github.com/freeeve/chessgraph/api/internal/store/positionstore.go:428.70,430.3 1 0
github.com/freeeve/chessgraph/api/internal/store/positionstore.go:431.2,431.12 1 1
github.com/freeeve/chessgraph/api/internal/store/positionstore.go:435.46,437.67 2 1
github.com/freeeve/chessgraph/api/internal/store/positionstore.go:437.67,439.3 1 0
github.com/freeeve/chessgraph/api/internal/store/positionstore.go:440.2,440.12 1 1
github.com/freeeve/chessgraph/api/internal/store/positionstore.go:444.37,448.2 3 1
github.com/freeeve/chessgraph/api/internal/store/positionstore.go:451.40,452.18 1 1
github.com/freeeve/chessgraph/api/internal/store/positionstore.go:452.18,453.39 1 1
github.com/freeeve/chessgraph/api/internal/store/positionstore.go:453.39,454.25 1 0
github.com/freeeve/chessgraph/api/internal/store/positionstore.go:454.25,456.5 1 0
github.com/freeeve/chessgraph/api/internal/store/positionstore.go:457.4,458.14 2 0
github.com/freeeve/chessgraph/api/internal/store/positionstore.go:461.3,461.39 1 1
github.com/freeeve/chessgraph/api/internal/store/positionstore.go:461.39,463.4 1 0
github.com/freeeve/chessgraph/api/internal/store/positionstore.go:464.3,464.24 1 1
github.com/freeeve/chessgraph/api/internal/store/positionstore.go:464.24,466.4 1 1
github.com/freeeve/chessgraph/api/internal/store/positionstore.go:468.2,469.12 2 1
github.com/freeeve/chessgraph/api/internal/store/positionstore.go:480.85,482.49 1 1
github.com/freeeve/chessgraph/api/internal/store/positionstore.go:482.49,487.34 4 1
github.com/freeeve/chessgraph/api/internal/store/positionstore.go:487.34,490.4 1 1
github.com/freeeve/chessgraph/api/internal/store/positionstore.go:493.3,495.37 3 1
github.com/freeeve/chessgraph/api/internal/store/positionstore.go:495.37,498.18 1 1
github.com/freeeve/chessgraph/api/internal/store/positionstore.go:498.18,500.68 2 1
github.com/freeeve/chessgraph/api/internal/store/positionstore.go:500.68,502.6 1 1
github.com/freeeve/chessgraph/api/internal/store/positionstore.go:505.4,505.18 1 1
github.com/freeeve/chessgraph/api/internal/store/positionstore.go:505.18,508.68 3 0
github.com/freeeve/chessgraph/api/internal/store/positionstore.go:508.68,511.6 2 0
github.com/freeeve/chessgraph/api/internal/store/positionstore.go:514.4,514.18 1 1
github.com/freeeve/chessgraph/api/internal/store/positionstore.go:514.18,517.76 3 0
github.com/freeeve/chessgraph/api/internal/store/positionstore.go:517.76,521.6 2 0
github.com/freeeve/chessgraph/api/internal/store/positionstore.go:524.4,524.22 1 1
github.com/freeeve/chessgraph/api/internal/store/positionstore.go:530.2,530.57 1 0
github.com/freeeve/chessgraph/api/internal/store/positionstore.go:536.75,539.61 2 1
github.com/freeeve/chessgraph/api/internal/store/positionstore.go:539.61,541.3 1 1
github.com/freeeve/chessgraph/api/internal/store/positionstore.go:542.2,546.16 3 1
github.com/freeeve/chessgraph/api/internal/store/positionstore.go:546.16,548.3 1 1
github.com/freeeve/chessgraph/api/internal/store/positionstore.go:550.2,550.32 1 1
github.com/freeeve/chessgraph/api/internal/store/positionstore.go:550.32,551.66 1 1
github.com/freeeve/chessgraph/api/internal/store/positionstore.go:551.66,552.12 1 0
github.com/freeeve/chessgraph/api/internal/store/positionstore.go:555.3,558.39 2 1
github.com/freeeve/chessgraph/api/internal/store/positionstore.go:558.39,560.79 2 1
github.com/freeeve/chessgraph/api/internal/store/positionstore.go:560.79,561.67 1 1
github.com/freeeve/chessgraph/api/internal/store/positionstore.go:561.67,563.6 1 1
github.com/freeeve/chessgraph/api/internal/store/positionstore.go:568.2,568.11 1 1
github.com/freeeve/chessgraph/api/internal/store/positionstore.go:576.78,591.40 9 1
github.com/freeeve/chessgraph/api/internal/store/positionstore.go:591.40,592.45 1 1
github.com/freeeve/chessgraph/api/internal/store/positionstore.go:592.45,595.4 2 1
github.com/freeeve/chessgraph/api/internal/store/positionstore.go:598.2,598.21 1 1
github.com/freeeve/chessgraph/api/internal/store/positionstore.go:598.21,599.49 1 1
github.com/freeeve/chessgraph/api/internal/store/positionstore.go:599.49,600.54 1 0
github.com/freeeve/chessgraph/api/internal/store/positionstore.go:600.54,602.5 1 0
github.com/freeeve/chessgraph/api/internal/store/positionstore.go:603.4,603.89 1 0
github.com/freeeve/chessgraph/api/internal/store/positionstore.go:603.89,606.5 2 0
github.com/freeeve/chessgraph/api/internal/store/positionstore.go:609.2,613.39 3 1
github.com/freeeve/chessgraph/api/internal/store/positionstore.go:613.39,615.3 1 0
github.com/freeeve/chessgraph/api/internal/store/positionstore.go:618.2,619.18 2 1
github.com/freeeve/chessgraph/api/internal/store/positionstore.go:619.18,620.59 1 1
github.com/freeeve/chessgraph/api/internal/store/positionstore.go:620.59,622.4 1 1
github.com/freeeve/chessgraph/api/internal/store/positionstore.go:623.3,623.100 1 1
github.com/freeeve/chessgraph/api/internal/store/positionstore.go:623.100,626.4 2 1
github.com/freeeve/chessgraph/api/internal/store/positionstore.go:630.2,630.39 1 1
github.com/freeeve/chessgraph/api/internal/store/positionstore.go:630.39,632.3 1 1
github.com/freeeve/chessgraph/api/internal/store/positionstore.go:633.2,633.21 1 1
github.com/freeeve/chessgraph/api/internal/store/positionstore.go:633.21,635.3 1 1
github.com/freeeve/chessgraph/api/internal/store/positionstore.go:636.2,636.20 1 1
github.com/freeeve/chessgraph/api/internal/store/positionstore.go:636.20,638.3 1 1
github.com/freeeve/chessgraph/api/internal/store/positionstore.go:641.2,645.73 5 0
github.com/freeeve/chessgraph/api/internal/store/positionstore.go:645.73,650.3 4 0
github.com/freeeve/chessgraph/api/internal/store/positionstore.go:651.2,651.21 1 0
github.com/freeeve/chessgraph/api/internal/store/positionstore.go:655.83,656.17 1 1
github.com/freeeve/chessgraph/api/internal/store/positionstore.go:656.17,658.3 1 0
github.com/freeeve/chessgraph/api/internal/store/positionstore.go:660.2,675.15 9 1
github.com/freeeve/chessgraph/api/internal/store/positionstore.go:675.15,679.3 3 1
github.com/freeeve/chessgraph/api/internal/store/positionstore.go:682.2,686.12 4 1
github.com/freeeve/chessgraph/api/internal/store/positionstore.go:693.93,694.17 1 1
github.com/freeeve/chessgraph/api/internal/store/positionstore.go:694.17,696.3 1 0
github.com/freeeve/chessgraph/api/internal/store/positionstore.go:698.2,713.15 9 1
github.com/freeeve/chessgraph/api/internal/store/positionstore.go:713.15,717.3 3 1
github.com/freeeve/chessgraph/api/internal/store/positionstore.go:720.2,727.12 4 1
github.com/freeeve/chessgraph/api/internal/store/positionstore.go:731.79,734.40 2 1
github.com/freeeve/chessgraph/api/internal/store/positionstore.go:734.40,740.3 5 1
github.com/freeeve/chessgraph/api/internal/store/positionstore.go:741.2,745.16 3 1
github.com/freeeve/chessgraph/api/internal/store/positionstore.go:745.16,747.3 1 1
github.com/freeeve/chessgraph/api/internal/store/positionstore.go:749.2,758.18 4 1
github.com/freeeve/chessgraph/api/internal/store/positionstore.go:762.79,767.40 3 1
github.com/freeeve/chessgraph/api/internal/store/positionstore.go:767.40,771.3 3 0
github.com/freeeve/chessgraph/api/internal/store/positionstore.go:774.2,782.40 4 1
github.com/freeeve/chessgraph/api/internal/store/positionstore.go:782.40,784.20 2 1
github.com/freeeve/chessgraph/api/internal/store/positionstore.go:784.20,788.4 3 1
github.com/freeeve/chessgraph/api/internal/store/positionstore.go:793.64,797.40 3 1
github.com/freeeve/chessgraph/api/internal/store/positionstore.go:797.40,800.3 2 1
github.com/freeeve/chessgraph/api/internal/store/positionstore.go:809.73,811.12 2 1
github.com/freeeve/chessgraph/api/internal/store/positionstore.go:811.12,813.3 1 0
github.com/freeeve/chessgraph/api/internal/store/positionstore.go:815.2,830.16 6 1
github.com/freeeve/chessgraph/api/internal/store/positionstore.go:830.16,834.3 3 1
github.com/freeeve/chessgraph/api/internal/store/positionstore.go:834.8,834.23 1 1
github.com/freeeve/chessgraph/api/internal/store/positionstore.go:834.23,838.3 3 1
github.com/freeeve/chessgraph/api/internal/store/positionstore.go:838.8,838.23 1 1
github.com/freeeve/chessgraph/api/internal/store/positionstore.go:838.23,842.3 3 1
github.com/freeeve/chessgraph/api/internal/store/positionstore.go:842.8,850.21 7 1
github.com/freeeve/chessgraph/api/internal/store/positionstore.go:850.21,852.4 1 0
github.com/freeeve/chessgraph/api/internal/store/positionstore.go:853.3,853.21 1 1
github.com/freeeve/chessgraph/api/internal/store/positionstore.go:853.21,855.4 1 0
github.com/freeeve/chessgraph/api/internal/store/positionstore.go:859.2,871.30 12 1
github.com/freeeve/chessgraph/api/internal/store/positionstore.go:871.30,875.21 2 1
github.com/freeeve/chessgraph/api/internal/store/positionstore.go:875.21,878.4 2 1
github.com/freeeve/chessgraph/api/internal/store/positionstore.go:881.3,881.21 1 1
github.com/freeeve/chessgraph/api/internal/store/positionstore.go:881.21,884.4 2 1
github.com/freeeve/chessgraph/api/internal/store/positionstore.go:885.3,885.21 1 1
github.com/freeeve/chessgraph/api/internal/store/positionstore.go:885.21,888.4 2 1
github.com/freeeve/chessgraph/api/internal/store/positionstore.go:891.3,900.78 8 1
github.com/freeeve/chessgraph/api/internal/store/positionstore.go:903.2,903.13 1 1
github.com/freeeve/chessgraph/api/internal/store/positionstore.go:907.86,911.30 4 1
github.com/freeeve/chessgraph/api/internal/store/positionstore.go:911.30,913.3 1 0
github.com/freeeve/chessgraph/api/internal/store/positionstore.go:915.2,927.16 4 1
github.com/freeeve/chessgraph/api/internal/store/positionstore.go:927.16,931.3 3 1
github.com/freeeve/chessgraph/api/internal/store/positionstore.go:931.8,931.23 1 1
github.com/freeeve/chessgraph/api/internal/store/positionstore.go:931.23,935.3 3 1
github.com/freeeve/chessgraph/api/internal/store/positionstore.go:935.8,935.23 1 1
github.com/freeeve/chessgraph/api/internal/store/positionstore.go:935.23,939.3 3 1
github.com/freeeve/chessgraph/api/internal/store/positionstore.go:939.8,947.21 7 1
github.com/freeeve/chessgraph/api/internal/store/positionstore.go:947.21,949.4 1 0
github.com/freeeve/chessgraph/api/internal/store/positionstore.go:950.3,950.21 1 1
github.com/freeeve/chessgraph/api/internal/store/positionstore.go:950.21,952.4 1 0
github.com/freeeve/chessgraph/api/internal/store/positionstore.go:956.2,968.25 12 1
github.com/freeeve/chessgraph/api/internal/store/positionstore.go:968.25,972.21 2 1
github.com/freeeve/chessgraph/api/internal/store/positionstore.go:972.21,975.4 2 1
github.com/freeeve/chessgraph/api/internal/store/positionstore.go:978.3,978.21 1 1
github.com/freeeve/chessgraph/api/internal/store/positionstore.go:978.21,981.4 2 1
github.com/freeeve/chessgraph/api/internal/store/positionstore.go:982.3,982.21 1 1
github.com/freeeve/chessgraph/api/internal/store/positionstore.go:982.21,985.4 2 1
github.com/freeeve/chessgraph/api/internal/store/positionstore.go:988.3,997.83 8 1
github.com/freeeve/chessgraph/api/internal/store/positionstore.go:1000.2,1000.21 1 1
github.com/freeeve/chessgraph/api/internal/store/positionstore.go:1015.46,1025.2 9 1
github.com/freeeve/chessgraph/api/internal/store/positionstore.go:1027.58,1028.35 1 1
github.com/freeeve/chessgraph/api/internal/store/positionstore.go:1028.35,1030.3 1 0
github.com/freeeve/chessgraph/api/internal/store/positionstore.go:1031.2,1041.15 9 1
github.com/freeeve/chessgraph/api/internal/store/positionstore.go:1045.110,1049.66 2 1
github.com/freeeve/chessgraph/api/internal/store/positionstore.go:1049.66,1051.3 1 0
github.com/freeeve/chessgraph/api/internal/store/positionstore.go:1054.2,1055.30 2 1
github.com/freeeve/chessgraph/api/internal/store/positionstore.go:1055.30,1060.12 5 1
github.com/freeeve/chessgraph/api/internal/store/positionstore.go:1060.12,1062.4 1 0
github.com/freeeve/chessgraph/api/internal/store/positionstore.go:1063.3,1063.13 1 1
github.com/freeeve/chessgraph/api/internal/store/positionstore.go:1063.13,1065.4 1 0
github.com/freeeve/chessgraph/api/internal/store/positionstore.go:1066.3,1066.13 1 1
github.com/freeeve/chessgraph/api/internal/store/positionstore.go:1066.13,1068.4 1 0
github.com/freeeve/chessgraph/api/internal/store/positionstore.go:1069.3,1069.32 1 1
github.com/freeeve/chessgraph/api/internal/store/positionstore.go:1069.32,1071.4 1 0
github.com/freeeve/chessgraph/api/internal/store/positionstore.go:1075.2,1079.55 5 1
github.com/freeeve/chessgraph/api/internal/store/positionstore.go:1079.55,1082.74 3 1
github.com/freeeve/chessgraph/api/internal/store/positionstore.go:1082.74,1083.91 1 1
github.com/freeeve/chessgraph/api/internal/store/positionstore.go:1083.91,1084.67 1 1
github.com/freeeve/chessgraph/api/internal/store/positionstore.go:1084.67,1088.135 3 1
github.com/freeeve/chessgraph/api/internal/store/positionstore.go:1088.135,1089.38 1 1
github.com/freeeve/chessgraph/api/internal/store/positionstore.go:1089.38,1090.28 1 1
github.com/freeeve/chessgraph/api/internal/store/positionstore.go:1090.28,1092.9 1 0
github.com/freeeve/chessgraph/api/internal/store/positionstore.go:1093.8,1093.38 1 1
github.com/freeeve/chessgraph/api/internal/store/positionstore.go:1093.38,1095.9 1 0
github.com/freeeve/chessgraph/api/internal/store/positionstore.go:1096.8,1096.29 1 1
github.com/freeeve/chessgraph/api/internal/store/positionstore.go:1096.29,1098.9 1 0
github.com/freeeve/chessgraph/api/internal/store/positionstore.go:1099.8,1099.79 1 1
github.com/freeeve/chessgraph/api/internal/store/positionstore.go:1099.79,1101.9 1 0
github.com/freeeve/chessgraph/api/internal/store/positionstore.go:1110.2,1142.15 18 1
github.com/freeeve/chessgraph/api/internal/store/positionstore.go:1142.15,1144.3 1 1
github.com/freeeve/chessgraph/api/internal/store/positionstore.go:1145.2,1152.16 5 1
github.com/freeeve/chessgraph/api/internal/store/positionstore.go:1152.16,1154.3 1 0
github.com/freeeve/chessgraph/api/internal/store/positionstore.go:1155.2,1155.36 1 1
github.com/freeeve/chessgraph/api/internal/store/positionstore.go:1160.78,1161.28 1 1
github.com/freeeve/chessgraph/api/internal/store/positionstore.go:1161.28,1164.3 1 1
github.com/freeeve/chessgraph/api/internal/store/positionstore.go:1166.2,1172.16 5 1
github.com/freeeve/chessgraph/api/internal/store/positionstore.go:1172.16,1174.3 1 1
github.com/freeeve/chessgraph/api/internal/store/positionstore.go:1177.2,1178.16 2 1
github.com/freeeve/chessgraph/api/internal/store/positionstore.go:1178.16,1180.3 1 1
github.com/freeeve/chessgraph/api/internal/store/positionstore.go:1182.2,1185.47 2 1
github.com/freeeve/chessgraph/api/internal/store/positionstore.go:1185.47,1188.3 1 1
github.com/freeeve/chessgraph/api/internal/store/positionstore.go:1191.2,1191.72 1 1
github.com/freeeve/chessgraph/api/internal/store/positionstore.go:1191.72,1193.3 1 0
github.com/freeeve/chessgraph/api/internal/store/positionstore.go:1195.2,1196.16 2 1
github.com/freeeve/chessgraph/api/internal/store/positionstore.go:1196.16,1198.3 1 0
github.com/freeeve/chessgraph/api/internal/store/positionstore.go:1201.2,1202.28 2 1
github.com/freeeve/chessgraph/api/internal/store/positionstore.go:1202.28,1204.3 1 0
github.com/freeeve/chessgraph/api/internal/store/positionstore.go:1206.2,1207.16 2 1
github.com/freeeve/chessgraph/api/internal/store/positionstore.go:1207.16,1209.3 1 0
github.com/freeeve/chessgraph/api/internal/store/positionstore.go:1211.2,1218.16 5 1
github.com/freeeve/chessgraph/api/internal/store/positionstore.go:1218.16,1220.3 1 1
github.com/freeeve/chessgraph/api/internal/store/positionstore.go:1220.8,1220.23 1 1
github.com/freeeve/chessgraph/api/internal/store/positionstore.go:1220.23,1222.3 1 1
github.com/freeeve/chessgraph/api/internal/store/positionstore.go:1222.8,1224.3 1 1
github.com/freeeve/chessgraph/api/internal/store/positionstore.go:1227.2,1227.16 1 1
github.com/freeeve/chessgraph/api/internal/store/positionstore.go:1227.16,1229.3 1 1
github.com/freeeve/chessgraph/api/internal/store/positionstore.go:1233.2,1233.16 1 1
github.com/freeeve/chessgraph/api/internal/store/positionstore.go:1233.16,1235.3 1 1
github.com/freeeve/chessgraph/api/internal/store/positionstore.go:1239.2,1240.28 2 1
github.com/freeeve/chessgraph/api/internal/store/positionstore.go:1240.28,1242.3 1 1
github.com/freeeve/chessgraph/api/internal/store/positionstore.go:1244.2,1244.30 1 1
github.com/freeeve/chessgraph/api/internal/store/positionstore.go:1244.30,1247.3 2 1
github.com/freeeve/chessgraph/api/internal/store/positionstore.go:1251.2,1253.27 3 1
github.com/freeeve/chessgraph/api/internal/store/positionstore.go:1253.27,1255.3 1 1
github.com/freeeve/chessgraph/api/internal/store/positionstore.go:1259.2,1260.27 2 1
github.com/freeeve/chessgraph/api/internal/store/positionstore.go:1260.27,1262.3 1 1
github.com/freeeve/chessgraph/api/internal/store/positionstore.go:1265.2,1270.45 3 1
github.com/freeeve/chessgraph/api/internal/store/positionstore.go:1270.45,1271.57 1 1
github.com/freeeve/chessgraph/api/internal/store/positionstore.go:1271.57,1272.12 1 1
github.com/freeeve/chessgraph/api/internal/store/positionstore.go:1275.3,1280.43 4 0
github.com/freeeve/chessgraph/api/internal/store/positionstore.go:1280.43,1283.4 2 0
github.com/freeeve/chessgraph/api/internal/store/positionstore.go:1286.3,1286.48 1 0
github.com/freeeve/chessgraph/api/internal/store/positionstore.go:1286.48,1288.4 1 0
github.com/freeeve/chessgraph/api/internal/store/positionstore.go:1290.3,1291.17 2 0
github.com/freeeve/chessgraph/api/internal/store/positionstore.go:1291.17,1293.4 1 0
github.com/freeeve/chessgraph/api/internal/store/positionstore.go:1294.3,1294.15 1 0
github.com/freeeve/chessgraph/api/internal/store/positionstore.go:1299.2,1300.14 2 1
github.com/freeeve/chessgraph/api/internal/store/positionstore.go:1300.14,1302.44 1 1
github.com/freeeve/chessgraph/api/internal/store/positionstore.go:1302.44,1304.12 2 0
github.com/freeeve/chessgraph/api/internal/store/positionstore.go:1308.3,1312.30 3 1
github.com/freeeve/chessgraph/api/internal/store/positionstore.go:1312.30,1313.30 1 1
github.com/freeeve/chessgraph/api/internal/store/positionstore.go:1313.30,1316.5 1 1
github.com/freeeve/chessgraph/api/internal/store/positionstore.go:1317.4,1317.7 1 1
github.com/freeeve/chessgraph/api/internal/store/positionstore.go:1319.3,1321.29 2 1
github.com/freeeve/chessgraph/api/internal/store/positionstore.go:1321.29,1322.12 1 0
github.com/freeeve/chessgraph/api/internal/store/positionstore.go:1326.3,1327.43 2 1
github.com/freeeve/chessgraph/api/internal/store/positionstore.go:1327.43,1328.30 1 1
github.com/freeeve/chessgraph/api/internal/store/positionstore.go:1328.30,1329.22 1 1
github.com/freeeve/chessgraph/api/internal/store/positionstore.go:1329.22,1331.6 1 1
github.com/freeeve/chessgraph/api/internal/store/positionstore.go:1332.5,1332.18 1 1
github.com/freeeve/chessgraph/api/internal/store/positionstore.go:1336.3,1336.20 1 1
github.com/freeeve/chessgraph/api/internal/store/positionstore.go:1336.20,1337.12 1 0
github.com/freeeve/chessgraph/api/internal/store/positionstore.go:1341.3,1342.29 2 1
github.com/freeeve/chessgraph/api/internal/store/positionstore.go:1342.29,1346.37 3 0
github.com/freeeve/chessgraph/api/internal/store/positionstore.go:1346.37,1349.5 2 0
github.com/freeeve/chessgraph/api/internal/store/positionstore.go:1350.4,1350.51 1 0
github.com/freeeve/chessgraph/api/internal/store/positionstore.go:1350.51,1352.5 1 0
github.com/freeeve/chessgraph/api/internal/store/positionstore.go:1353.4,1354.18 2 0
github.com/freeeve/chessgraph/api/internal/store/positionstore.go:1354.18,1356.5 1 0
github.com/freeeve/chessgraph/api/internal/store/positionstore.go:1357.9,1360.49 2 1
github.com/freeeve/chessgraph/api/internal/store/positionstore.go:1360.49,1362.5 1 1
github.com/freeeve/chessgraph/api/internal/store/positionstore.go:1363.4,1364.18 2 1
github.com/freeeve/chessgraph/api/internal/store/positionstore.go:1364.18,1366.5 1 0
github.com/freeeve/chessgraph/api/internal/store/positionstore.go:1368.3,1368.15 1 1
github.com/freeeve/chessgraph/api/internal/store/positionstore.go:1372.2,1376.16 5 1
github.com/freeeve/chessgraph/api/internal/store/positionstore.go:1376.16,1378.3 1 0
github.com/freeeve/chessgraph/api/internal/store/positionstore.go:1381.2,1385.30 3 1
github.com/freeeve/chessgraph/api/internal/store/positionstore.go:1385.30,1389.12 4 1
github.com/freeeve/chessgraph/api/internal/store/positionstore.go:1389.12,1391.4 1 0
github.com/freeeve/chessgraph/api/internal/store/positionstore.go:1392.3,1392.13 1 1
github.com/freeeve/chessgraph/api/internal/store/positionstore.go:1392.13,1394.4 1 0
github.com/freeeve/chessgraph/api/internal/store/positionstore.go:1395.3,1395.13 1 1
github.com/freeeve/chessgraph/api/internal/store/positionstore.go:1395.13,1397.4 1 0
github.com/freeeve/chessgraph/api/internal/store/positionstore.go:1398.3,1398.32 1 1
github.com/freeeve/chessgraph/api/internal/store/positionstore.go:1398.32,1400.4 1 0
github.com/freeeve/chessgraph/api/internal/store/positionstore.go:1407.2,1408.29 2 1
github.com/freeeve/chessgraph/api/internal/store/positionstore.go:1408.29,1410.3 1 1
github.com/freeeve/chessgraph/api/internal/store/positionstore.go:1412.2,1412.50 1 1
github.com/freeeve/chessgraph/api/internal/store/positionstore.go:1412.50,1414.3 1 1
github.com/freeeve/chessgraph/api/internal/store/positionstore.go:1416.2,1417.44 2 1
github.com/freeeve/chessgraph/api/internal/store/positionstore.go:1417.44,1419.3 1 1
github.com/freeeve/chessgraph/api/internal/store/positionstore.go:1421.2,1421.44 1 1
github.com/freeeve/chessgraph/api/internal/store/positionstore.go:1421.44,1423.3 1 1
github.com/freeeve/chessgraph/api/internal/store/positionstore.go:1424.2,1424.34 1 1
github.com/freeeve/chessgraph/api/internal/store/positionstore.go:1424.34,1426.3 1 1
github.com/freeeve/chessgraph/api/internal/store/positionstore.go:1427.2,1427.36 1 1
github.com/freeeve/chessgraph/api/internal/store/positionstore.go:1427.36,1429.3 1 1
github.com/freeeve/chessgraph/api/internal/store/positionstore.go:1430.2,1430.36 1 1
github.com/freeeve/chessgraph/api/internal/store/positionstore.go:1430.36,1432.3 1 1
github.com/freeeve/chessgraph/api/internal/store/positionstore.go:1433.2,1436.24 3 1
github.com/freeeve/chessgraph/api/internal/store/positionstore.go:1443.150,1450.30 4 1
github.com/freeeve/chessgraph/api/internal/store/positionstore.go:1450.30,1460.3 6 1
github.com/freeeve/chessgraph/api/internal/store/positionstore.go:1462.2,1465.51 2 1
github.com/freeeve/chessgraph/api/internal/store/positionstore.go:1465.51,1469.48 2 1
github.com/freeeve/chessgraph/api/internal/store/positionstore.go:1469.48,1471.4 1 1
github.com/freeeve/chessgraph/api/internal/store/positionstore.go:1473.3,1474.17 2 1
github.com/freeeve/chessgraph/api/internal/store/positionstore.go:1474.17,1476.4 1 0
github.com/freeeve/chessgraph/api/internal/store/positionstore.go:1477.3,1477.15 1 1
github.com/freeeve/chessgraph/api/internal/store/positionstore.go:1481.2,1485.16 5 1
github.com/freeeve/chessgraph/api/internal/store/positionstore.go:1485.16,1487.3 1 0
github.com/freeeve/chessgraph/api/internal/store/positionstore.go:1490.2,1494.29 3 1
github.com/freeeve/chessgraph/api/internal/store/positionstore.go:1494.29,1496.3 1 1
github.com/freeeve/chessgraph/api/internal/store/positionstore.go:1497.2,1497.50 1 1
github.com/freeeve/chessgraph/api/internal/store/positionstore.go:1497.50,1499.3 1 1
github.com/freeeve/chessgraph/api/internal/store/positionstore.go:1501.2,1504.24 3 1
github.com/freeeve/chessgraph/api/internal/store/positionstore.go:1507.150,1514.30 4 1
github.com/freeeve/chessgraph/api/internal/store/positionstore.go:1514.30,1518.29 4 1
github.com/freeeve/chessgraph/api/internal/store/positionstore.go:1518.29,1520.4 1 1
github.com/freeeve/chessgraph/api/internal/store/positionstore.go:1521.3,1527.68 4 1
github.com/freeeve/chessgraph/api/internal/store/positionstore.go:1531.2,1533.38 3 1
github.com/freeeve/chessgraph/api/internal/store/positionstore.go:1533.38,1535.36 2 1
github.com/freeeve/chessgraph/api/internal/store/positionstore.go:1535.36,1537.4 1 0
github.com/freeeve/chessgraph/api/internal/store/positionstore.go:1542.2,1543.44 2 1
github.com/freeeve/chessgraph/api/internal/store/positionstore.go:1543.44,1545.3 1 1
github.com/freeeve/chessgraph/api/internal/store/positionstore.go:1545.8,1547.3 1 1
github.com/freeeve/chessgraph/api/internal/store/positionstore.go:1549.2,1552.51 2 1
github.com/freeeve/chessgraph/api/internal/store/positionstore.go:1552.51,1553.30 1 1
github.com/freeeve/chessgraph/api/internal/store/positionstore.go:1553.30,1554.12 1 1
github.com/freeeve/chessgraph/api/internal/store/positionstore.go:1557.3,1560.48 2 0
github.com/freeeve/chessgraph/api/internal/store/positionstore.go:1560.48,1562.4 1 0
github.com/freeeve/chessgraph/api/internal/store/positionstore.go:1564.3,1565.17 2 0
github.com/freeeve/chessgraph/api/internal/store/positionstore.go:1565.17,1567.4 1 0
github.com/freeeve/chessgraph/api/internal/store/positionstore.go:1568.3,1568.15 1 0
github.com/freeeve/chessgraph/api/internal/store/positionstore.go:1572.2,1573.37 2 1
github.com/freeeve/chessgraph/api/internal/store/positionstore.go:1573.37,1574.29 1 1
github.com/freeeve/chessgraph/api/internal/store/positionstore.go:1574.29,1575.12 1 0
github.com/freeeve/chessgraph/api/internal/store/positionstore.go:1578.3,1578.31 1 1
github.com/freeeve/chessgraph/api/internal/store/positionstore.go:1578.31,1582.30 4 1
github.com/freeeve/chessgraph/api/internal/store/positionstore.go:1582.30,1584.5 1 1
github.com/freeeve/chessgraph/api/internal/store/positionstore.go:1585.4,1586.25 2 1
github.com/freeeve/chessgraph/api/internal/store/positionstore.go:1586.25,1588.5 1 1
github.com/freeeve/chessgraph/api/internal/store/positionstore.go:1592.2,1593.26 2 1
github.com/freeeve/chessgraph/api/internal/store/positionstore.go:1593.26,1595.47 2 1
github.com/freeeve/chessgraph/api/internal/store/positionstore.go:1595.47,1597.4 1 1
github.com/freeeve/chessgraph/api/internal/store/positionstore.go:1598.3,1599.17 2 1
github.com/freeeve/chessgraph/api/internal/store/positionstore.go:1599.17,1601.4 1 0
github.com/freeeve/chessgraph/api/internal/store/positionstore.go:1602.3,1604.43 2 1
github.com/freeeve/chessgraph/api/internal/store/positionstore.go:1608.2,1609.26 2 1
github.com/freeeve/chessgraph/api/internal/store/positionstore.go:1609.26,1613.17 4 1
github.com/freeeve/chessgraph/api/internal/store/positionstore.go:1613.17,1615.4 1 0
github.com/freeeve/chessgraph/api/internal/store/positionstore.go:1619.2,1623.30 3 1
github.com/freeeve/chessgraph/api/internal/store/positionstore.go:1623.30,1627.12 4 1
github.com/freeeve/chessgraph/api/internal/store/positionstore.go:1627.12,1629.4 1 0
github.com/freeeve/chessgraph/api/internal/store/positionstore.go:1630.3,1630.13 1 1
github.com/freeeve/chessgraph/api/internal/store/positionstore.go:1630.13,1632.4 1 0
github.com/freeeve/chessgraph/api/internal/store/positionstore.go:1633.3,1633.13 1 1
github.com/freeeve/chessgraph/api/internal/store/positionstore.go:1633.13,1635.4 1 0
github.com/freeeve/chessgraph/api/internal/store/positionstore.go:1636.3,1636.32 1 1
github.com/freeeve/chessgraph/api/internal/store/positionstore.go:1636.32,1638.4 1 0
github.com/freeeve/chessgraph/api/internal/store/positionstore.go:1642.2,1643.29 2 1
github.com/freeeve/chessgraph/api/internal/store/positionstore.go:1643.29,1645.3 1 1
github.com/freeeve/chessgraph/api/internal/store/positionstore.go:1646.2,1646.50 1 1
github.com/freeeve/chessgraph/api/internal/store/positionstore.go:1646.50,1648.3 1 1
github.com/freeeve/chessgraph/api/internal/store/positionstore.go:1649.2,1650.44 2 1
github.com/freeeve/chessgraph/api/internal/store/positionstore.go:1650.44,1652.3 1 1
github.com/freeeve/chessgraph/api/internal/store/positionstore.go:1653.2,1653.44 1 1
github.com/freeeve/chessgraph/api/internal/store/positionstore.go:1653.44,1655.3 1 1
github.com/freeeve/chessgraph/api/internal/store/positionstore.go:1656.2,1656.34 1 1
github.com/freeeve/chessgraph/api/internal/store/positionstore.go:1656.34,1658.3 1 1
github.com/freeeve/chessgraph/api/internal/store/positionstore.go:1659.2,1659.36 1 1
github.com/freeeve/chessgraph/api/internal/store/positionstore.go:1659.36,1661.3 1 1
github.com/freeeve/chessgraph/api/internal/store/positionstore.go:1662.2,1662.36 1 1
github.com/freeeve/chessgraph/api/internal/store/positionstore.go:1662.36,1664.3 1 1
github.com/freeeve/chessgraph/api/internal/store/positionstore.go:1665.2,1668.24 3 1
github.com/freeeve/chessgraph/api/internal/store/positionstore.go:1672.80,1679.16 5 1
github.com/freeeve/chessgraph/api/internal/store/positionstore.go:1679.16,1681.3 1 1
github.com/freeeve/chessgraph/api/internal/store/positionstore.go:1684.2,1685.16 2 1
github.com/freeeve/chessgraph/api/internal/store/positionstore.go:1685.16,1687.3 1 1
github.com/freeeve/chessgraph/api/internal/store/positionstore.go:1690.2,1690.72 1 1
github.com/freeeve/chessgraph/api/internal/store/positionstore.go:1690.72,1692.3 1 1
github.com/freeeve/chessgraph/api/internal/store/positionstore.go:1695.2,1696.16 2 1
github.com/freeeve/chessgraph/api/internal/store/positionstore.go:1696.16,1698.3 1 0
github.com/freeeve/chessgraph/api/internal/store/positionstore.go:1701.2,1703.33 3 1
github.com/freeeve/chessgraph/api/internal/store/positionstore.go:1703.33,1705.3 1 0
github.com/freeeve/chessgraph/api/internal/store/positionstore.go:1708.2,1710.16 3 1
github.com/freeeve/chessgraph/api/internal/store/positionstore.go:1710.16,1712.3 1 0
github.com/freeeve/chessgraph/api/internal/store/positionstore.go:1714.2,1714.21 1 1
github.com/freeeve/chessgraph/api/internal/store/positionstore.go:1719.43,1725.21 3 1
github.com/freeeve/chessgraph/api/internal/store/positionstore.go:1725.21,1730.3 3 0
github.com/freeeve/chessgraph/api/internal/store/positionstore.go:1731.2,1740.16 7 1
github.com/freeeve/chessgraph/api/internal/store/positionstore.go:1740.16,1742.3 1 0
github.com/freeeve/chessgraph/api/internal/store/positionstore.go:1745.2,1745.53 1 1
github.com/freeeve/chessgraph/api/internal/store/positionstore.go:1745.53,1747.57 2 1
github.com/freeeve/chessgraph/api/internal/store/positionstore.go:1747.57,1749.4 1 0
github.com/freeeve/chessgraph/api/internal/store/positionstore.go:1753.2,1753.50 1 1
github.com/freeeve/chessgraph/api/internal/store/positionstore.go:1753.50,1755.3 1 0
github.com/freeeve/chessgraph/api/internal/store/positionstore.go:1758.2,1758.43 1 1
github.com/freeeve/chessgraph/api/internal/store/positionstore.go:1758.43,1760.3 1 0
github.com/freeeve/chessgraph/api/internal/store/positionstore.go:1762.2,1762.12 1 1
github.com/freeeve/chessgraph/api/internal/store/positionstore.go:1766.55,1770.84 2 1
github.com/freeeve/chessgraph/api/internal/store/positionstore.go:1770.84,1771.17 1 1
github.com/freeeve/chessgraph/api/internal/store/positionstore.go:1771.17,1773.4 1 0
github.com/freeeve/chessgraph/api/internal/store/positionstore.go:1774.3,1774.58 1 1
github.com/freeeve/chessgraph/api/internal/store/positionstore.go:1774.58,1776.4 1 1
github.com/freeeve/chessgraph/api/internal/store/positionstore.go:1779.3,1780.17 2 1
github.com/freeeve/chessgraph/api/internal/store/positionstore.go:1780.17,1782.4 1 0
github.com/freeeve/chessgraph/api/internal/store/positionstore.go:1784.3,1784.49 1 1
github.com/freeeve/chessgraph/api/internal/store/positionstore.go:1784.49,1786.4 1 1
github.com/freeeve/chessgraph/api/internal/store/positionstore.go:1788.3,1791.13 4 1
github.com/freeeve/chessgraph/api/internal/store/positionstore.go:1794.2,1794.16 1 1
github.com/freeeve/chessgraph/api/internal/store/positionstore.go:1794.16,1796.3 1 0
github.com/freeeve/chessgraph/api/internal/store/positionstore.go:1798.2,1798.33 1 1
github.com/freeeve/chessgraph/api/internal/store/positionstore.go:1798.33,1801.17 2 1
github.com/freeeve/chessgraph/api/internal/store/positionstore.go:1801.17,1803.12 2 0
github.com/freeeve/chessgraph/api/internal/store/positionstore.go:1807.3,1807.59 1 1
github.com/freeeve/chessgraph/api/internal/store/positionstore.go:1807.59,1809.4 1 0
github.com/freeeve/chessgraph/api/internal/store/positionstore.go:1812.2,1812.12 1 1
github.com/freeeve/chessgraph/api/internal/store/positionstore.go:1817.42,1819.21 2 1
github.com/freeeve/chessgraph/api/internal/store/positionstore.go:1819.21,1822.3 2 0
github.com/freeeve/chessgraph/api/internal/store/positionstore.go:1823.2,1826.12 3 1
github.com/freeeve/chessgraph/api/internal/store/positionstore.go:1826.12,1831.3 4 1
github.com/freeeve/chessgraph/api/internal/store/positionstore.go:1835.48,1839.2 3 1
github.com/freeeve/chessgraph/api/internal/store/positionstore.go:1842.41,1843.26 1 1
github.com/freeeve/chessgraph/api/internal/store/positionstore.go:1843.26,1845.3 1 1
github.com/freeeve/chessgraph/api/internal/store/positionstore.go:1848.64,1857.43 4 1
github.com/freeeve/chessgraph/api/internal/store/positionstore.go:1857.43,1859.3 1 1
github.com/freeeve/chessgraph/api/internal/store/positionstore.go:1860.2,1863.40 2 1
github.com/freeeve/chessgraph/api/internal/store/positionstore.go:1863.40,1865.3 1 1
github.com/freeeve/chessgraph/api/internal/store/positionstore.go:1867.2,1868.26 2 1
github.com/freeeve/chessgraph/api/internal/store/positionstore.go:1868.26,1870.3 1 1
github.com/freeeve/chessgraph/api/internal/store/positionstore.go:1872.2,1872.30 1 1
github.com/freeeve/chessgraph/api/internal/store/positionstore.go:1872.30,1874.3 1 1
github.com/freeeve/chessgraph/api/internal/store/positionstore.go:1876.2,1877.38 2 1
github.com/freeeve/chessgraph/api/internal/store/positionstore.go:1877.38,1879.3 1 1
github.com/freeeve/chessgraph/api/internal/store/positionstore.go:1880.2,1880.21 1 1
github.com/freeeve/chessgraph/api/internal/store/positionstore.go:1880.21,1882.3 1 0
github.com/freeeve/chessgraph/api/internal/store/positionstore.go:1884.2,1898.12 9 1
github.com/freeeve/chessgraph/api/internal/store/positionstore.go:1898.12,1901.7 3 1
github.com/freeeve/chessgraph/api/internal/store/positionstore.go:1901.7,1902.11 1 1
github.com/freeeve/chessgraph/api/internal/store/positionstore.go:1903.16,1904.11 1 1
github.com/freeeve/chessgraph/api/internal/store/positionstore.go:1905.20,1911.76 5 0
github.com/freeeve/chessgraph/api/internal/store/positionstore.go:1917.2,1918.34 2 1
github.com/freeeve/chessgraph/api/internal/store/positionstore.go:1918.34,1920.13 2 1
github.com/freeeve/chessgraph/api/internal/store/positionstore.go:1920.13,1922.39 2 1
github.com/freeeve/chessgraph/api/internal/store/positionstore.go:1922.39,1924.19 2 1
github.com/freeeve/chessgraph/api/internal/store/positionstore.go:1924.19,1925.13 1 0
github.com/freeeve/chessgraph/api/internal/store/positionstore.go:1926.64,1926.64 0 0
github.com/freeeve/chessgraph/api/internal/store/positionstore.go:1927.14,1927.14 0 0
github.com/freeeve/chessgraph/api/internal/store/positionstore.go:1929.6,1929.12 1 0
github.com/freeeve/chessgraph/api/internal/store/positionstore.go:1931.5,1932.44 2 1
github.com/freeeve/chessgraph/api/internal/store/positionstore.go:1938.2,1938.42 1 1
github.com/freeeve/chessgraph/api/internal/store/positionstore.go:1938.42,1940.3 1 1
github.com/freeeve/chessgraph/api/internal/store/positionstore.go:1941.2,1949.34 5 1
github.com/freeeve/chessgraph/api/internal/store/positionstore.go:1949.34,1951.3 1 0
github.com/freeeve/chessgraph/api/internal/store/positionstore.go:1953.2,1956.12 3 1
github.com/freeeve/chessgraph/api/internal/store/positionstore.go:1960.43,1965.2 4 1
github.com/freeeve/chessgraph/api/internal/store/positionstore.go:1968.61,1969.34 1 1
github.com/freeeve/chessgraph/api/internal/store/positionstore.go:1969.34,1971.3 1 0
github.com/freeeve/chessgraph/api/internal/store/positionstore.go:1972.2,1972.12 1 1
github.com/freeeve/chessgraph/api/internal/store/positionstore.go:1977.65,1978.34 1 1
github.com/freeeve/chessgraph/api/internal/store/positionstore.go:1978.34,1979.26 1 1
github.com/freeeve/chessgraph/api/internal/store/positionstore.go:1979.26,1981.4 1 0
github.com/freeeve/chessgraph/api/internal/store/positionstore.go:1982.3,1983.14 2 1
github.com/freeeve/chessgraph/api/internal/store/positionstore.go:1985.2,1985.14 1 1
github.com/freeeve/chessgraph/api/internal/store/positionstore.go:1989.45,1994.2 4 1
github.com/freeeve/chessgraph/api/internal/store/positionstore.go:1997.74,1998.39 1 1
github.com/freeeve/chessgraph/api/internal/store/positionstore.go:1998.39,2000.3 1 0
github.com/freeeve/chessgraph/api/internal/store/positionstore.go:2001.2,2001.12 1 1
github.com/freeeve/chessgraph/api/internal/store/positionstore.go:2006.78,2007.39 1 1
github.com/freeeve/chessgraph/api/internal/store/positionstore.go:2007.39,2008.26 1 1
github.com/freeeve/chessgraph/api/internal/store/positionstore.go:2008.26,2010.4 1 0
github.com/freeeve/chessgraph/api/internal/store/positionstore.go:2011.3,2012.14 2 1
github.com/freeeve/chessgraph/api/internal/store/positionstore.go:2014.2,2014.14 1 1
github.com/freeeve/chessgraph/api/internal/store/positionstore.go:2018.55,2022.2 3 1
github.com/freeeve/chessgraph/api/internal/store/positionstore.go:2025.81,2028.33 3 1
github.com/freeeve/chessgraph/api/internal/store/positionstore.go:2028.33,2031.3 2 0
github.com/freeeve/chessgraph/api/internal/store/positionstore.go:2033.2,2041.23 7 1
github.com/freeeve/chessgraph/api/internal/store/positionstore.go:2041.23,2043.3 1 0
github.com/freeeve/chessgraph/api/internal/store/positionstore.go:2044.2,2048.15 3 1
github.com/freeeve/chessgraph/api/internal/store/positionstore.go:2048.15,2052.3 3 1
github.com/freeeve/chessgraph/api/internal/store/positionstore.go:2055.2,2060.63 3 1
github.com/freeeve/chessgraph/api/internal/store/positionstore.go:2060.63,2064.3 2 0
github.com/freeeve/chessgraph/api/internal/store/positionstore.go:2067.2,2069.16 3 1
github.com/freeeve/chessgraph/api/internal/store/positionstore.go:2069.16,2071.3 1 1
github.com/freeeve/chessgraph/api/internal/store/positionstore.go:2071.8,2071.32 1 1
github.com/freeeve/chessgraph/api/internal/store/positionstore.go:2071.32,2073.3 1 0
github.com/freeeve/chessgraph/api/internal/store/positionstore.go:2077.2,2082.16 4 1
github.com/freeeve/chessgraph/api/internal/store/positionstore.go:2082.16,2084.3 1 0
github.com/freeeve/chessgraph/api/internal/store/positionstore.go:2088.2,2090.67 3 1
github.com/freeeve/chessgraph/api/internal/store/positionstore.go:2090.67,2093.22 2 1
github.com/freeeve/chessgraph/api/internal/store/positionstore.go:2093.22,2095.4 1 0
github.com/freeeve/chessgraph/api/internal/store/positionstore.go:2097.3,2097.22 1 1
github.com/freeeve/chessgraph/api/internal/store/positionstore.go:2101.2,2107.21 2 1
github.com/freeeve/chessgraph/api/internal/store/positionstore.go:2113.114,2114.28 1 1
github.com/freeeve/chessgraph/api/internal/store/positionstore.go:2114.28,2118.3 2 0
github.com/freeeve/chessgraph/api/internal/store/positionstore.go:2120.2,2124.16 3 1
github.com/freeeve/chessgraph/api/internal/store/positionstore.go:2124.16,2126.3 1 1
github.com/freeeve/chessgraph/api/internal/store/positionstore.go:2126.8,2128.3 1 0
github.com/freeeve/chessgraph/api/internal/store/positionstore.go:2131.2,2134.30 3 1
github.com/freeeve/chessgraph/api/internal/store/positionstore.go:2134.30,2136.17 2 1
github.com/freeeve/chessgraph/api/internal/store/positionstore.go:2136.17,2141.30 4 1
github.com/freeeve/chessgraph/api/internal/store/positionstore.go:2141.30,2143.5 1 1
github.com/freeeve/chessgraph/api/internal/store/positionstore.go:2144.4,2144.64 1 1
github.com/freeeve/chessgraph/api/internal/store/positionstore.go:2145.9,2149.4 2 0
github.com/freeeve/chessgraph/api/internal/store/positionstore.go:2151.3,2157.70 4 1
github.com/freeeve/chessgraph/api/internal/store/positionstore.go:2161.2,2162.44 2 1
github.com/freeeve/chessgraph/api/internal/store/positionstore.go:2162.44,2164.16 2 1
github.com/freeeve/chessgraph/api/internal/store/positionstore.go:2164.16,2168.4 3 1
github.com/freeeve/chessgraph/api/internal/store/positionstore.go:2169.3,2169.28 1 1
github.com/freeeve/chessgraph/api/internal/store/positionstore.go:2169.28,2172.4 2 1
github.com/freeeve/chessgraph/api/internal/store/positionstore.go:2174.2,2179.15 3 1
github.com/freeeve/chessgraph/api/internal/store/positionstore.go:2184.82,2185.24 1 1
github.com/freeeve/chessgraph/api/internal/store/positionstore.go:2185.24,2187.3 1 1
github.com/freeeve/chessgraph/api/internal/store/positionstore.go:2188.2,2188.21 1 1
github.com/freeeve/chessgraph/api/internal/store/positionstore.go:2188.21,2190.3 1 1
github.com/freeeve/chessgraph/api/internal/store/positionstore.go:2192.2,2195.42 3 1
github.com/freeeve/chessgraph/api/internal/store/positionstore.go:2195.42,2197.14 2 1
github.com/freeeve/chessgraph/api/internal/store/positionstore.go:2197.14,2200.4 2 1
github.com/freeeve/chessgraph/api/internal/store/positionstore.go:2200.9,2200.21 1 1
github.com/freeeve/chessgraph/api/internal/store/positionstore.go:2200.21,2203.4 2 1
github.com/freeeve/chessgraph/api/internal/store/positionstore.go:2203.9,2208.23 3 1
github.com/freeeve/chessgraph/api/internal/store/positionstore.go:2208.23,2210.5 1 0
github.com/freeeve/chessgraph/api/internal/store/positionstore.go:2210.10,2212.5 1 1
github.com/freeeve/chessgraph/api/internal/store/positionstore.go:2213.4,2214.24 2 1
github.com/freeeve/chessgraph/api/internal/store/positionstore.go:2214.24,2216.5 1 0
github.com/freeeve/chessgraph/api/internal/store/positionstore.go:2216.10,2218.5 1 1
github.com/freeeve/chessgraph/api/internal/store/positionstore.go:2219.4,2220.25 2 1
github.com/freeeve/chessgraph/api/internal/store/positionstore.go:2220.25,2222.5 1 0
github.com/freeeve/chessgraph/api/internal/store/positionstore.go:2222.10,2224.5 1 1
github.com/freeeve/chessgraph/api/internal/store/positionstore.go:2226.4,2226.90 1 1
github.com/freeeve/chessgraph/api/internal/store/positionstore.go:2226.90,2231.5 4 0
github.com/freeeve/chessgraph/api/internal/store/positionstore.go:2232.4,2234.7 3 1
github.com/freeeve/chessgraph/api/internal/store/positionstore.go:2238.2,2241.15 3 1
github.com/freeeve/chessgraph/api/internal/store/positionstore.go:2278.42,2309.2 11 1
github.com/freeeve/chessgraph/api/internal/store/positionstore.go:2312.43,2315.16 3 1
github.com/freeeve/chessgraph/api/internal/store/positionstore.go:2315.16,2316.25 1 1
github.com/freeeve/chessgraph/api/internal/store/positionstore.go:2316.25,2319.4 1 1
github.com/freeeve/chessgraph/api/internal/store/positionstore.go:2320.3,2320.46 1 0
github.com/freeeve/chessgraph/api/internal/store/positionstore.go:2323.2,2324.52 2 1
github.com/freeeve/chessgraph/api/internal/store/positionstore.go:2324.52,2326.3 1 0
github.com/freeeve/chessgraph/api/internal/store/positionstore.go:2328.2,2332.12 4 1
github.com/freeeve/chessgraph/api/internal/store/positionstore.go:2336.43,2337.17 1 1
github.com/freeeve/chessgraph/api/internal/store/positionstore.go:2337.17,2339.3 1 0
github.com/freeeve/chessgraph/api/internal/store/positionstore.go:2341.2,2346.16 5 1
github.com/freeeve/chessgraph/api/internal/store/positionstore.go:2346.16,2348.3 1 0
github.com/freeeve/chessgraph/api/internal/store/positionstore.go:2350.2,2351.59 2 1
github.com/freeeve/chessgraph/api/internal/store/positionstore.go:2351.59,2353.3 1 0
github.com/freeeve/chessgraph/api/internal/store/positionstore.go:2355.2,2355.12 1 1
github.com/freeeve/chessgraph/api/internal/store/positionstore.go:2361.46,2368.84 4 1
github.com/freeeve/chessgraph/api/internal/store/positionstore.go:2368.84,2369.17 1 1
github.com/freeeve/chessgraph/api/internal/store/positionstore.go:2369.17,2371.4 1 0
github.com/freeeve/chessgraph/api/internal/store/positionstore.go:2372.3,2372.58 1 1
github.com/freeeve/chessgraph/api/internal/store/positionstore.go:2372.58,2374.4 1 1
github.com/freeeve/chessgraph/api/internal/store/positionstore.go:2377.3,2378.17 2 1
github.com/freeeve/chessgraph/api/internal/store/positionstore.go:2378.17,2380.4 1 0
github.com/freeeve/chessgraph/api/internal/store/positionstore.go:2381.3,2388.17 6 1
github.com/freeeve/chessgraph/api/internal/store/positionstore.go:2388.17,2391.4 2 1
github.com/freeeve/chessgraph/api/internal/store/positionstore.go:2393.3,2395.31 3 1
github.com/freeeve/chessgraph/api/internal/store/positionstore.go:2395.31,2399.13 4 1
github.com/freeeve/chessgraph/api/internal/store/positionstore.go:2399.13,2401.5 1 0
github.com/freeeve/chessgraph/api/internal/store/positionstore.go:2402.4,2402.14 1 1
github.com/freeeve/chessgraph/api/internal/store/positionstore.go:2402.14,2404.5 1 0
github.com/freeeve/chessgraph/api/internal/store/positionstore.go:2405.4,2405.14 1 1
github.com/freeeve/chessgraph/api/internal/store/positionstore.go:2405.14,2407.5 1 0
github.com/freeeve/chessgraph/api/internal/store/positionstore.go:2408.4,2408.33 1 1
github.com/freeeve/chessgraph/api/internal/store/positionstore.go:2408.33,2410.5 1 0
github.com/freeeve/chessgraph/api/internal/store/positionstore.go:2413.3,2413.13 1 1
github.com/freeeve/chessgraph/api/internal/store/positionstore.go:2416.2,2416.16 1 1
github.com/freeeve/chessgraph/api/internal/store/positionstore.go:2416.16,2418.3 1 0
github.com/freeeve/chessgraph/api/internal/store/positionstore.go:2421.2,2428.12 5 1
github.com/freeeve/chessgraph/api/internal/store/positionstore.go:2441.86,2443.2 1 1
github.com/freeeve/chessgraph/api/internal/store/positionstore.go:2446.53,2448.16 2 1
github.com/freeeve/chessgraph/api/internal/store/positionstore.go:2448.16,2450.3 1 0
github.com/freeeve/chessgraph/api/internal/store/positionstore.go:2452.2,2453.32 2 1
github.com/freeeve/chessgraph/api/internal/store/positionstore.go:2453.32,2454.66 1 1
github.com/freeeve/chessgraph/api/internal/store/positionstore.go:2454.66,2455.12 1 1
github.com/freeeve/chessgraph/api/internal/store/positionstore.go:2458.3,2461.60 2 1
github.com/freeeve/chessgraph/api/internal/store/positionstore.go:2461.60,2462.12 1 1
github.com/freeeve/chessgraph/api/internal/store/positionstore.go:2466.3,2466.21 1 1
github.com/freeeve/chessgraph/api/internal/store/positionstore.go:2466.21,2467.12 1 1
github.com/freeeve/chessgraph/api/internal/store/positionstore.go:2471.3,2472.17 2 1
github.com/freeeve/chessgraph/api/internal/store/positionstore.go:2472.17,2473.12 1 0
github.com/freeeve/chessgraph/api/internal/store/positionstore.go:2476.3,2476.42 1 1
github.com/freeeve/chessgraph/api/internal/store/positionstore.go:2476.42,2478.4 1 1
github.com/freeeve/chessgraph/api/internal/store/positionstore.go:2480.2,2480.14 1 1
github.com/freeeve/chessgraph/api/internal/store/positionstore.go:2486.63,2491.16 3 1
github.com/freeeve/chessgraph/api/internal/store/positionstore.go:2491.16,2493.3 1 0
github.com/freeeve/chessgraph/api/internal/store/positionstore.go:2496.2,2505.32 4 1
github.com/freeeve/chessgraph/api/internal/store/positionstore.go:2505.32,2506.66 1 1
github.com/freeeve/chessgraph/api/internal/store/positionstore.go:2506.66,2507.12 1 0
github.com/freeeve/chessgraph/api/internal/store/positionstore.go:2510.3,2513.60 2 1
github.com/freeeve/chessgraph/api/internal/store/positionstore.go:2513.60,2514.12 1 1
github.com/freeeve/chessgraph/api/internal/store/positionstore.go:2518.3,2518.21 1 1
github.com/freeeve/chessgraph/api/internal/store/positionstore.go:2518.21,2519.12 1 0
github.com/freeeve/chessgraph/api/internal/store/positionstore.go:2522.3,2523.67 2 1
github.com/freeeve/chessgraph/api/internal/store/positionstore.go:2523.67,2524.12 1 0
github.com/freeeve/chessgraph/api/internal/store/positionstore.go:2528.3,2529.17 2 1
github.com/freeeve/chessgraph/api/internal/store/positionstore.go:2529.17,2530.12 1 0
github.com/freeeve/chessgraph/api/internal/store/positionstore.go:2534.3,2534.43 1 1
github.com/freeeve/chessgraph/api/internal/store/positionstore.go:2534.43,2535.12 1 0
github.com/freeeve/chessgraph/api/internal/store/positionstore.go:2539.3,2540.17 2 1
github.com/freeeve/chessgraph/api/internal/store/positionstore.go:2540.17,2542.12 2 0
github.com/freeeve/chessgraph/api/internal/store/positionstore.go:2545.3,2552.31 2 1
github.com/freeeve/chessgraph/api/internal/store/positionstore.go:2555.2,2555.27 1 1
github.com/freeeve/chessgraph/api/internal/store/positionstore.go:2555.27,2558.3 2 1
github.com/freeeve/chessgraph/api/internal/store/positionstore.go:2561.2,2563.61 3 1
github.com/freeeve/chessgraph/api/internal/store/positionstore.go:2563.61,2567.3 3 0
github.com/freeeve/chessgraph/api/internal/store/positionstore.go:2570.2,2571.47 2 1
github.com/freeeve/chessgraph/api/internal/store/positionstore.go:2571.47,2575.3 2 1
github.com/freeeve/chessgraph/api/internal/store/positionstore.go:2577.2,2584.33 4 1
github.com/freeeve/chessgraph/api/internal/store/positionstore.go:2584.33,2585.34 1 1
github.com/freeeve/chessgraph/api/internal/store/positionstore.go:2585.34,2597.4 5 1
github.com/freeeve/chessgraph/api/internal/store/positionstore.go:2601.2,2601.45 1 1
github.com/freeeve/chessgraph/api/internal/store/positionstore.go:2601.45,2603.3 1 1
github.com/freeeve/chessgraph/api/internal/store/positionstore.go:2607.2,2609.16 3 1
github.com/freeeve/chessgraph/api/internal/store/positionstore.go:2609.16,2611.3 1 0
github.com/freeeve/chessgraph/api/internal/store/positionstore.go:2612.2,2617.33 4 1
github.com/freeeve/chessgraph/api/internal/store/positionstore.go:2617.33,2622.17 5 1
github.com/freeeve/chessgraph/api/internal/store/positionstore.go:2622.17,2624.4 1 0
github.com/freeeve/chessgraph/api/internal/store/positionstore.go:2624.9,2630.4 3 1
github.com/freeeve/chessgraph/api/internal/store/positionstore.go:2634.2,2635.49 2 1
[...]
github.com/freeeve/chessgraph/api/internal/store/positionstore_builder.go:272.82,274.2 1 1
github.com/freeeve/chessgraph/api/internal/store/positionstore_builder.go:277.90,279.2 1 1
github.com/freeeve/chessgraph/api/internal/store/positionstore_builder.go:282.76,284.16 2 1
github.com/freeeve/chessgraph/api/internal/store/positionstore_builder.go:284.16,286.3 1 0
github.com/freeeve/chessgraph/api/internal/store/positionstore_builder.go:287.2,287.29 1 1
github.com/freeeve/chessgraph/api/internal/store/positionstore_builder.go:291.65,294.2 2 1
github.com/freeeve/chessgraph/api/internal/store/positionstore_builder.go:297.46,299.2 1 1
github.com/freeeve/chessgraph/api/internal/store/positionstore_keys.go:32.41,33.15 1 1
github.com/freeeve/chessgraph/api/internal/store/positionstore_keys.go:33.15,35.3 1 0
github.com/freeeve/chessgraph/api/internal/store/positionstore_keys.go:36.2,36.27 1 1
github.com/freeeve/chessgraph/api/internal/store/positionstore_keys.go:36.27,38.3 1 0
github.com/freeeve/chessgraph/api/internal/store/positionstore_keys.go:39.2,39.16 1 1
github.com/freeeve/chessgraph/api/internal/store/positionstore_keys.go:39.16,41.3 1 1
github.com/freeeve/chessgraph/api/internal/store/positionstore_keys.go:42.2,42.16 1 1
github.com/freeeve/chessgraph/api/internal/store/positionstore_keys.go:42.16,44.3 1 1
github.com/freeeve/chessgraph/api/internal/store/positionstore_keys.go:46.2,46.25 1 1
github.com/freeeve/chessgraph/api/internal/store/positionstore_keys.go:50.44,52.2 1 1
github.com/freeeve/chessgraph/api/internal/store/positionstore_keys.go:82.52,86.29 2 1
github.com/freeeve/chessgraph/api/internal/store/positionstore_keys.go:86.29,89.16 3 1
github.com/freeeve/chessgraph/api/internal/store/positionstore_keys.go:89.16,91.4 1 1
github.com/freeeve/chessgraph/api/internal/store/positionstore_keys.go:91.9,93.4 1 1
github.com/freeeve/chessgraph/api/internal/store/positionstore_keys.go:95.3,95.15 1 1
github.com/freeeve/chessgraph/api/internal/store/positionstore_keys.go:96.18,97.29 1 1
github.com/freeeve/chessgraph/api/internal/store/positionstore_keys.go:98.18,99.29 1 1
github.com/freeeve/chessgraph/api/internal/store/positionstore_keys.go:100.18,101.30 1 1
github.com/freeeve/chessgraph/api/internal/store/positionstore_keys.go:102.18,103.30 1 1
github.com/freeeve/chessgraph/api/internal/store/positionstore_keys.go:108.2,132.15 18 1
github.com/freeeve/chessgraph/api/internal/store/positionstore_keys.go:137.52,144.29 4 1
github.com/freeeve/chessgraph/api/internal/store/positionstore_keys.go:144.29,147.16 3 1
github.com/freeeve/chessgraph/api/internal/store/positionstore_keys.go:147.16,149.4 1 1
github.com/freeeve/chessgraph/api/internal/store/positionstore_keys.go:149.9,151.4 1 1
github.com/freeeve/chessgraph/api/internal/store/positionstore_keys.go:153.3,154.15 2 1
github.com/freeeve/chessgraph/api/internal/store/positionstore_keys.go:155.18,156.27 1 1
github.com/freeeve/chessgraph/api/internal/store/positionstore_keys.go:157.18,158.27 1 1
github.com/freeeve/chessgraph/api/internal/store/positionstore_keys.go:159.18,160.27 1 1
github.com/freeeve/chessgraph/api/internal/store/positionstore_keys.go:161.18,162.27 1 1
github.com/freeeve/chessgraph/api/internal/store/positionstore_keys.go:163.18,164.27 1 1
github.com/freeeve/chessgraph/api/internal/store/positionstore_keys.go:165.18,166.27 1 1
github.com/freeeve/chessgraph/api/internal/store/positionstore_keys.go:167.18,168.27 1 1
github.com/freeeve/chessgraph/api/internal/store/positionstore_keys.go:169.18,170.27 1 1
github.com/freeeve/chessgraph/api/internal/store/positionstore_keys.go:171.11,172.12 1 1
github.com/freeeve/chessgraph/api/internal/store/positionstore_keys.go:175.3,175.35 1 1
github.com/freeeve/chessgraph/api/internal/store/positionstore_keys.go:175.35,178.4 2 1
github.com/freeeve/chessgraph/api/internal/store/positionstore_keys.go:181.2,182.56 2 1
github.com/freeeve/chessgraph/api/internal/store/positionstore_keys.go:182.56,183.47 1 1
github.com/freeeve/chessgraph/api/internal/store/positionstore_keys.go:183.47,184.21 1 1
github.com/freeeve/chessgraph/api/internal/store/positionstore_keys.go:184.21,185.10 1 0
github.com/freeeve/chessgraph/api/internal/store/positionstore_keys.go:187.4,190.16 4 1
github.com/freeeve/chessgraph/api/internal/store/positionstore_keys.go:194.2,194.15 1 1
github.com/freeeve/chessgraph/api/internal/store/positionstore_keys.go:198.70,199.15 1 1
github.com/freeeve/chessgraph/api/internal/store/positionstore_keys.go:199.15,201.3 1 0
github.com/freeeve/chessgraph/api/internal/store/positionstore_keys.go:202.2,202.27 1 1
github.com/freeeve/chessgraph/api/internal/store/positionstore_keys.go:202.27,204.3 1 0
github.com/freeeve/chessgraph/api/internal/store/positionstore_keys.go:206.2,210.29 4 1
github.com/freeeve/chessgraph/api/internal/store/positionstore_keys.go:210.29,213.16 3 1
github.com/freeeve/chessgraph/api/internal/store/positionstore_keys.go:213.16,215.4 1 1
github.com/freeeve/chessgraph/api/internal/store/positionstore_keys.go:215.9,217.4 1 1
github.com/freeeve/chessgraph/api/internal/store/positionstore_keys.go:218.3,218.15 1 1
github.com/freeeve/chessgraph/api/internal/store/positionstore_keys.go:219.18,220.17 1 1
github.com/freeeve/chessgraph/api/internal/store/positionstore_keys.go:221.18,222.17 1 1
github.com/freeeve/chessgraph/api/internal/store/positionstore_keys.go:226.2,231.29 5 1
github.com/freeeve/chessgraph/api/internal/store/positionstore_keys.go:231.29,234.16 3 1
github.com/freeeve/chessgraph/api/internal/store/positionstore_keys.go:234.16,236.4 1 1
github.com/freeeve/chessgraph/api/internal/store/positionstore_keys.go:236.9,238.4 1 1
github.com/freeeve/chessgraph/api/internal/store/positionstore_keys.go:239.3,239.15 1 1
github.com/freeeve/chessgraph/api/internal/store/positionstore_keys.go:240.18,241.19 1 1
github.com/freeeve/chessgraph/api/internal/store/positionstore_keys.go:242.18,243.19 1 1
github.com/freeeve/chessgraph/api/internal/store/positionstore_keys.go:247.2,252.16 4 1
github.com/freeeve/chessgraph/api/internal/store/positionstore_keys.go:252.16,259.3 6 1
github.com/freeeve/chessgraph/api/internal/store/positionstore_keys.go:259.8,259.23 1 1
github.com/freeeve/chessgraph/api/internal/store/positionstore_keys.go:259.23,264.3 4 1
github.com/freeeve/chessgraph/api/internal/store/positionstore_keys.go:266.2,268.16 3 1
github.com/freeeve/chessgraph/api/internal/store/positionstore_keys.go:268.16,273.3 4 1
github.com/freeeve/chessgraph/api/internal/store/positionstore_keys.go:273.8,279.18 6 1
github.com/freeeve/chessgraph/api/internal/store/positionstore_keys.go:279.18,281.4 1 0
github.com/freeeve/chessgraph/api/internal/store/positionstore_keys.go:282.3,282.18 1 1
github.com/freeeve/chessgraph/api/internal/store/positionstore_keys.go:282.18,284.4 1 0
github.com/freeeve/chessgraph/api/internal/store/positionstore_keys.go:287.2,287.31 1 1
github.com/freeeve/chessgraph/api/internal/store/positionstore_keys.go:287.31,289.17 2 1
github.com/freeeve/chessgraph/api/internal/store/positionstore_keys.go:289.17,291.4 1 1
github.com/freeeve/chessgraph/api/internal/store/positionstore_keys.go:294.2,294.31 1 1
github.com/freeeve/chessgraph/api/internal/store/positionstore_keys.go:294.31,296.17 2 1
github.com/freeeve/chessgraph/api/internal/store/positionstore_keys.go:296.17,298.4 1 1
github.com/freeeve/chessgraph/api/internal/store/positionstore_keys.go:301.2,304.12 3 1
github.com/freeeve/chessgraph/api/internal/store/positionstore_keys.go:308.87,309.37 1 1
github.com/freeeve/chessgraph/api/internal/store/positionstore_keys.go:309.37,313.15 4 1
github.com/freeeve/chessgraph/api/internal/store/positionstore_keys.go:313.15,315.4 1 1
github.com/freeeve/chessgraph/api/internal/store/positionstore_keys.go:320.84,322.37 2 1
github.com/freeeve/chessgraph/api/internal/store/positionstore_keys.go:322.37,325.39 3 1
github.com/freeeve/chessgraph/api/internal/store/positionstore_keys.go:325.39,327.4 1 1
github.com/freeeve/chessgraph/api/internal/store/positionstore_keys.go:329.2,329.12 1 1
github.com/freeeve/chessgraph/api/internal/store/positionstore_keys.go:333.35,335.2 1 1
github.com/freeeve/chessgraph/api/internal/store/positionstore_keys.go:338.41,340.2 1 1
github.com/freeeve/chessgraph/api/internal/store/positionstore_keys.go:343.39,345.2 1 1
github.com/freeeve/chessgraph/api/internal/store/positionstore_keys.go:348.44,350.28 2 1
github.com/freeeve/chessgraph/api/internal/store/positionstore_keys.go:350.28,352.3 1 1
github.com/freeeve/chessgraph/api/internal/store/positionstore_keys.go:353.2,353.61 1 1
github.com/freeeve/chessgraph/api/internal/store/positionstore_keys.go:357.48,358.40 1 1
github.com/freeeve/chessgraph/api/internal/store/positionstore_keys.go:358.40,360.3 1 1
github.com/freeeve/chessgraph/api/internal/store/positionstore_keys.go:361.2,363.13 3 1
github.com/freeeve/chessgraph/api/internal/store/positionstore_keys.go:363.13,365.3 1 1
github.com/freeeve/chessgraph/api/internal/store/positionstore_keys.go:366.2,366.49 1 1
github.com/freeeve/chessgraph/api/internal/store/positionstore_keys.go:370.49,371.15 1 1
github.com/freeeve/chessgraph/api/internal/store/positionstore_keys.go:371.15,373.3 1 0
github.com/freeeve/chessgraph/api/internal/store/positionstore_keys.go:374.2,374.27 1 1
github.com/freeeve/chessgraph/api/internal/store/positionstore_keys.go:374.27,376.3 1 0
github.com/freeeve/chessgraph/api/internal/store/positionstore_keys.go:378.2,380.16 2 1
github.com/freeeve/chessgraph/api/internal/store/positionstore_keys.go:380.16,382.3 1 1
github.com/freeeve/chessgraph/api/internal/store/positionstore_keys.go:384.2,384.16 1 1
github.com/freeeve/chessgraph/api/internal/store/positionstore_keys.go:384.16,386.3 1 1
github.com/freeeve/chessgraph/api/internal/store/positionstore_keys.go:388.2,389.29 2 1
github.com/freeeve/chessgraph/api/internal/store/positionstore_keys.go:389.29,391.3 1 1
github.com/freeeve/chessgraph/api/internal/store/positionstore_keys.go:392.2,392.58 1 1
github.com/freeeve/chessgraph/api/internal/store/positionstore_keys.go:396.48,397.15 1 1
github.com/freeeve/chessgraph/api/internal/store/positionstore_keys.go:397.15,399.3 1 1
github.com/freeeve/chessgraph/api/internal/store/positionstore_keys.go:400.2,400.28 1 1
github.com/freeeve/chessgraph/api/internal/store/positionstore_keys.go:400.28,402.3 1 0
github.com/freeeve/chessgraph/api/internal/store/positionstore_keys.go:404.2,405.16 2 1
github.com/freeeve/chessgraph/api/internal/store/positionstore_keys.go:405.16,407.3 1 1
github.com/freeeve/chessgraph/api/internal/store/positionstore_keys.go:409.2,410.30 2 1
github.com/freeeve/chessgraph/api/internal/store/positionstore_keys.go:410.30,412.3 1 0
github.com/freeeve/chessgraph/api/internal/store/positionstore_keys.go:413.2,413.13 1 1
github.com/freeeve/chessgraph/api/internal/store/positionstore_keys.go:417.42,419.2 1 1
github.com/freeeve/chessgraph/api/internal/store/positionstore_keys.go:422.39,424.2 1 1
github.com/freeeve/chessgraph/api/internal/store/positionstore_keys.go:427.37,450.2 18 1
github.com/freeeve/chessgraph/api/internal/store/positionstore_keys.go:453.33,455.2 1 1
github.com/freeeve/chessgraph/api/internal/store/positionstore_keys.go:458.73,461.40 2 1
github.com/freeeve/chessgraph/api/internal/store/positionstore_keys.go:461.40,463.16 2 1
github.com/freeeve/chessgraph/api/internal/store/positionstore_keys.go:463.16,465.4 1 1
github.com/freeeve/chessgraph/api/internal/store/positionstore_keys.go:465.9,467.4 1 1
github.com/freeeve/chessgraph/api/internal/store/positionstore_keys.go:470.2,473.29 3 1
github.com/freeeve/chessgraph/api/internal/store/positionstore_keys.go:473.29,474.35 1 1
github.com/freeeve/chessgraph/api/internal/store/positionstore_keys.go:474.35,476.4 1 1
github.com/freeeve/chessgraph/api/internal/store/positionstore_keys.go:477.3,477.35 1 1
github.com/freeeve/chessgraph/api/internal/store/positionstore_keys.go:477.35,479.4 1 1
github.com/freeeve/chessgraph/api/internal/store/positionstore_keys.go:482.2,482.52 1 1
github.com/freeeve/chessgraph/api/internal/store/positionstore_keys.go:482.52,487.21 4 1
github.com/freeeve/chessgraph/api/internal/store/positionstore_keys.go:487.21,488.12 1 1
github.com/freeeve/chessgraph/api/internal/store/positionstore_keys.go:491.3,492.20 2 1
github.com/freeeve/chessgraph/api/internal/store/positionstore_keys.go:493.19,494.20 1 1
github.com/freeeve/chessgraph/api/internal/store/positionstore_keys.go:495.19,496.20 1 1
github.com/freeeve/chessgraph/api/internal/store/positionstore_keys.go:497.19,498.20 1 1
github.com/freeeve/chessgraph/api/internal/store/positionstore_keys.go:499.19,500.20 1 1
github.com/freeeve/chessgraph/api/internal/store/positionstore_keys.go:501.19,502.20 1 1
github.com/freeeve/chessgraph/api/internal/store/positionstore_keys.go:503.19,504.20 1 1
github.com/freeeve/chessgraph/api/internal/store/positionstore_keys.go:505.19,506.20 1 1
github.com/freeeve/chessgraph/api/internal/store/positionstore_keys.go:507.19,508.20 1 1
github.com/freeeve/chessgraph/api/internal/store/positionstore_keys.go:510.3,510.16 1 1
github.com/freeeve/chessgraph/api/internal/store/positionstore_keys.go:510.16,512.4 1 1
github.com/freeeve/chessgraph/api/internal/store/positionstore_keys.go:515.2,519.12 4 1
github.com/freeeve/chessgraph/api/internal/store/positionstore_keys.go:523.95,526.16 2 1
github.com/freeeve/chessgraph/api/internal/store/positionstore_keys.go:526.16,533.3 6 1
github.com/freeeve/chessgraph/api/internal/store/positionstore_keys.go:533.8,533.23 1 1
github.com/freeeve/chessgraph/api/internal/store/positionstore_keys.go:533.23,538.3 4 1
github.com/freeeve/chessgraph/api/internal/store/positionstore_keys.go:540.2,541.15 2 1
github.com/freeeve/chessgraph/api/internal/store/positionstore_keys.go:541.15,545.19 4 1
github.com/freeeve/chessgraph/api/internal/store/positionstore_keys.go:545.19,547.4 1 0
github.com/freeeve/chessgraph/api/internal/store/positionstore_keys.go:548.3,548.19 1 1
github.com/freeeve/chessgraph/api/internal/store/positionstore_keys.go:548.19,550.4 1 0
github.com/freeeve/chessgraph/api/internal/store/positionstore_keys.go:553.2,555.17 3 1
github.com/freeeve/chessgraph/api/internal/store/positionstore_keys.go:555.17,557.3 1 0
github.com/freeeve/chessgraph/api/internal/store/positionstore_keys.go:558.2,558.17 1 1
github.com/freeeve/chessgraph/api/internal/store/positionstore_keys.go:558.17,560.3 1 0
github.com/freeeve/chessgraph/api/internal/store/positionstore_keys.go:562.2,564.32 2 1
github.com/freeeve/chessgraph/api/internal/store/positionstore_keys.go:564.32,566.3 1 1
github.com/freeeve/chessgraph/api/internal/store/positionstore_keys.go:567.2,567.32 1 1
github.com/freeeve/chessgraph/api/internal/store/positionstore_keys.go:567.32,569.3 1 1
github.com/freeeve/chessgraph/api/internal/store/positionstore_keys.go:571.2,571.31 1 1
github.com/freeeve/chessgraph/api/internal/store/positionstore_keys.go:571.31,574.3 2 1
github.com/freeeve/chessgraph/api/internal/store/positionstore_keys.go:575.2,575.31 1 1
github.com/freeeve/chessgraph/api/internal/store/positionstore_keys.go:575.31,578.3 2 1
github.com/freeeve/chessgraph/api/internal/store/positionstore_keys.go:580.2,586.39 5 1
github.com/freeeve/chessgraph/api/internal/store/positionstore_keys.go:590.61,594.20 3 1
github.com/freeeve/chessgraph/api/internal/store/positionstore_keys.go:594.20,596.3 1 0
github.com/freeeve/chessgraph/api/internal/store/positionstore_keys.go:598.2,599.45 2 1
github.com/freeeve/chessgraph/api/internal/store/positionstore_keys.go:599.45,601.3 1 1
github.com/freeeve/chessgraph/api/internal/store/positionstore_keys.go:602.2,605.45 2 1
github.com/freeeve/chessgraph/api/internal/store/positionstore_keys.go:605.45,607.3 1 1
github.com/freeeve/chessgraph/api/internal/store/positionstore_keys.go:610.2,610.44 1 1
github.com/freeeve/chessgraph/api/internal/store/positionstore_keys.go:610.44,612.72 2 1
github.com/freeeve/chessgraph/api/internal/store/positionstore_keys.go:612.72,614.4 1 0
github.com/freeeve/chessgraph/api/internal/store/positionstore_keys.go:615.3,617.24 3 1
github.com/freeeve/chessgraph/api/internal/store/positionstore_keys.go:621.2,622.29 2 1
github.com/freeeve/chessgraph/api/internal/store/positionstore_keys.go:622.29,623.21 1 1
github.com/freeeve/chessgraph/api/internal/store/positionstore_keys.go:623.21,625.68 2 1
github.com/freeeve/chessgraph/api/internal/store/positionstore_keys.go:625.68,629.10 4 1
github.com/freeeve/chessgraph/api/internal/store/positionstore_keys.go:633.2,633.23 1 1
github.com/freeeve/chessgraph/api/internal/store/positionstore_keys.go:633.23,635.3 1 1
github.com/freeeve/chessgraph/api/internal/store/positionstore_keys.go:637.2,640.48 2 1
github.com/freeeve/chessgraph/api/internal/store/positionstore_keys.go:640.48,642.83 2 1
github.com/freeeve/chessgraph/api/internal/store/positionstore_keys.go:642.83,644.4 1 0
github.com/freeeve/chessgraph/api/internal/store/positionstore_keys.go:645.3,646.24 2 1
github.com/freeeve/chessgraph/api/internal/store/positionstore_keys.go:646.24,648.4 1 1
github.com/freeeve/chessgraph/api/internal/store/positionstore_keys.go:648.9,650.4 1 1
github.com/freeeve/chessgraph/api/internal/store/positionstore_keys.go:651.3,652.24 2 1
github.com/freeeve/chessgraph/api/internal/store/positionstore_keys.go:656.2,656.25 1 1
github.com/freeeve/chessgraph/api/internal/store/positionstore_keys.go:656.25,658.27 1 1
github.com/freeeve/chessgraph/api/internal/store/positionstore_keys.go:658.27,660.4 1 1
github.com/freeeve/chessgraph/api/internal/store/positionstore_keys.go:661.3,661.67 1 0
github.com/freeeve/chessgraph/api/internal/store/positionstore_keys.go:664.2,665.27 2 1
github.com/freeeve/chessgraph/api/internal/store/positionstore_keys.go:665.27,667.27 1 1
github.com/freeeve/chessgraph/api/internal/store/positionstore_keys.go:667.27,669.4 1 1
github.com/freeeve/chessgraph/api/internal/store/positionstore_keys.go:670.3,670.80 1 0
github.com/freeeve/chessgraph/api/internal/store/positionstore_keys.go:673.2,674.84 2 1
github.com/freeeve/chessgraph/api/internal/store/positionstore_keys.go:674.84,676.3 1 0
github.com/freeeve/chessgraph/api/internal/store/positionstore_keys.go:677.2,678.23 2 1
github.com/freeeve/chessgraph/api/internal/store/positionstore_keys.go:678.23,680.3 1 1
github.com/freeeve/chessgraph/api/internal/store/positionstore_keys.go:680.8,682.3 1 0
github.com/freeeve/chessgraph/api/internal/store/positionstore_keys.go:683.2,687.33 3 1
github.com/freeeve/chessgraph/api/internal/store/positionstore_keys.go:687.33,688.21 1 0
github.com/freeeve/chessgraph/api/internal/store/positionstore_keys.go:688.21,689.12 1 0
github.com/freeeve/chessgraph/api/internal/store/positionstore_keys.go:691.3,692.64 2 0
github.com/freeeve/chessgraph/api/internal/store/positionstore_keys.go:692.64,693.12 1 0
github.com/freeeve/chessgraph/api/internal/store/positionstore_keys.go:695.3,696.30 2 0
github.com/freeeve/chessgraph/api/internal/store/positionstore_keys.go:696.30,698.4 1 0
github.com/freeeve/chessgraph/api/internal/store/positionstore_keys.go:698.9,698.25 1 0
github.com/freeeve/chessgraph/api/internal/store/positionstore_keys.go:698.25,700.4 1 0
github.com/freeeve/chessgraph/api/internal/store/positionstore_keys.go:704.2,707.48 2 1
github.com/freeeve/chessgraph/api/internal/store/positionstore_keys.go:707.48,709.3 1 1
github.com/freeeve/chessgraph/api/internal/store/positionstore_keys.go:712.2,712.25 1 1
github.com/freeeve/chessgraph/api/internal/store/positionstore_keys.go:712.25,714.69 2 1
github.com/freeeve/chessgraph/api/internal/store/positionstore_keys.go:714.69,716.44 2 1
github.com/freeeve/chessgraph/api/internal/store/positionstore_keys.go:716.44,718.5 1 1
github.com/freeeve/chessgraph/api/internal/store/positionstore_keys.go:718.10,718.26 1 0
github.com/freeeve/chessgraph/api/internal/store/positionstore_keys.go:718.26,720.5 1 0
github.com/freeeve/chessgraph/api/internal/store/positionstore_keys.go:724.2,724.27 1 1
